[Licensing::Module] Trying to connect to existing licensing client channel...
Built from '6000.3/staging' branch; Version is '6000.3.2f1 (a9779f353c9b) revision 11106207'; Using compiler version '194234433'; Build Type 'Release'
OS: 'Windows 11  (10.0.26200) 64bit Core' Language: 'en' Physical Memory: 40723 MB
[Licensing::IpcConnector] Successfully connected to: "LicenseClient-Lye Hong Ann" at "2026-01-18T06:05:54.1426423Z"
BatchMode: 1, IsHumanControllingUs: 0, StartBugReporterOnCrash: 0, Is64bit: 1
Date: 2026-01-18T06:05:54Z

COMMAND LINE ARGUMENTS:
C:\Program Files\Unity\Hub\Editor\6000.3.2f1\Editor\Unity.exe
-adb2
-batchMode
-noUpm
-name
AssetImportWorker2
-projectPath
C:/Users/Lye Hong Ann/Documents/TP Stuff/Major-Project/Major-Project
-logFile
Logs/AssetImportWorker2.log
-srvPort
1171
-licensingIpc
LicenseClient-Lye Hong Ann
-job-worker-count
7
-background-job-worker-count
8
-gc-helper-count
1
-name
AssetImport
Successfully changed project path to: C:/Users/Lye Hong Ann/Documents/TP Stuff/Major-Project/Major-Project
C:/Users/Lye Hong Ann/Documents/TP Stuff/Major-Project/Major-Project
[UnityMemory] Configuration Parameters - Can be set up in boot.config
    "memorysetup-temp-allocator-size-nav-mesh-worker=65536"
    "memorysetup-temp-allocator-size-audio-worker=65536"
    "memorysetup-temp-allocator-size-gfx=262144"
    "memorysetup-allocator-temp-initial-block-size-main=262144"
    "memorysetup-allocator-temp-initial-block-size-worker=262144"
    "memorysetup-temp-allocator-size-background-worker=32768"
    "memorysetup-temp-allocator-size-job-worker=262144"
    "memorysetup-temp-allocator-size-preload-manager=33554432"
    "memorysetup-temp-allocator-size-gi-baking-worker=262144"
    "memorysetup-temp-allocator-size-gi-baking-worker=262144"
    "memorysetup-temp-allocator-size-gi-baking-worker=262144"
    "memorysetup-temp-allocator-size-gi-baking-worker=262144"
    "memorysetup-temp-allocator-size-gi-baking-worker=262144"
    "memorysetup-bucket-allocator-granularity=16"
    "memorysetup-bucket-allocator-bucket-count=8"
    "memorysetup-bucket-allocator-block-size=33554432"
    "memorysetup-bucket-allocator-block-count=8"
    "memorysetup-main-allocator-block-size=16777216"
    "memorysetup-thread-allocator-block-size=16777216"
    "memorysetup-gfx-main-allocator-block-size=16777216"
    "memorysetup-gfx-thread-allocator-block-size=16777216"
    "memorysetup-cache-allocator-block-size=4194304"
    "memorysetup-typetree-allocator-block-size=2097152"
    "memorysetup-profiler-bucket-allocator-granularity=16"
    "memorysetup-profiler-bucket-allocator-bucket-count=8"
    "memorysetup-profiler-bucket-allocator-block-size=33554432"
    "memorysetup-profiler-bucket-allocator-block-count=8"
    "memorysetup-profiler-allocator-block-size=16777216"
    "memorysetup-profiler-editor-allocator-block-size=1048576"
    "memorysetup-temp-allocator-size-main=16777216"
    "memorysetup-job-temp-allocator-block-size=2097152"
    "memorysetup-job-temp-allocator-block-size-background=1048576"
    "memorysetup-job-temp-allocator-reduction-small-platforms=262144"
    "memorysetup-temp-allocator-size-cloud-worker=32768"
Player connection [10056]  Target information:

Player connection [10056]  * "[IP] 192.168.35.1 [Port] 0 [Flags] 2 [Guid] 1832294650 [EditorId] 1832294650 [Version] 1048832 [Id] WindowsEditor(7,DESKTOP-VO9RTEO) [Debug] 1 [PackageName] WindowsEditor [ProjectName] Editor" 

Player connection [10056]  * "[IP] 192.168.86.1 [Port] 0 [Flags] 2 [Guid] 1832294650 [EditorId] 1832294650 [Version] 1048832 [Id] WindowsEditor(7,DESKTOP-VO9RTEO) [Debug] 1 [PackageName] WindowsEditor [ProjectName] Editor" 

Player connection [10056]  * "[IP] 192.168.225.1 [Port] 0 [Flags] 2 [Guid] 1832294650 [EditorId] 1832294650 [Version] 1048832 [Id] WindowsEditor(7,DESKTOP-VO9RTEO) [Debug] 1 [PackageName] WindowsEditor [ProjectName] Editor" 

Player connection [10056]  * "[IP] 192.168.101.1 [Port] 0 [Flags] 2 [Guid] 1832294650 [EditorId] 1832294650 [Version] 1048832 [Id] WindowsEditor(7,DESKTOP-VO9RTEO) [Debug] 1 [PackageName] WindowsEditor [ProjectName] Editor" 

Player connection [10056]  * "[IP] 192.168.56.1 [Port] 0 [Flags] 2 [Guid] 1832294650 [EditorId] 1832294650 [Version] 1048832 [Id] WindowsEditor(7,DESKTOP-VO9RTEO) [Debug] 1 [PackageName] WindowsEditor [ProjectName] Editor" 

Player connection [10056]  * "[IP] 192.168.86.27 [Port] 0 [Flags] 2 [Guid] 1832294650 [EditorId] 1832294650 [Version] 1048832 [Id] WindowsEditor(7,DESKTOP-VO9RTEO) [Debug] 1 [PackageName] WindowsEditor [ProjectName] Editor" 

Player connection [10056] Host joined multi-casting on [225.0.0.222:54997]...
Player connection [10056] Host joined alternative multi-casting on [225.0.0.222:34997]...
JobSystem: Creating JobQueue using job-worker-count value 7
Input System module state changed to: Initialized.
[Physics::Module] Initialized fallback backend.
[Physics::Module] Id: 0xdecafbad
Library Redirect Path: Library/
[Physics::Module] Selected backend.
[Physics::Module] Name: PhysX
[Physics::Module] Id: 0xf2b8ea05
[Physics::Module] SDK Version: 4.1.2
[Physics::Module] Integration Version: 1.0.0
[Physics::Module] Threading Mode: Multi-Threaded
Refreshing native plugins compatible for Editor in 3.00 ms, found 3 plugins.
Preloading 0 native plugins for Editor in 0.00 ms.
Initialize engine version: 6000.3.2f1 (a9779f353c9b)
[Subsystems] Discovering subsystems at path C:/Program Files/Unity/Hub/Editor/6000.3.2f1/Editor/Data/Resources/UnitySubsystems
[Subsystems] Discovering subsystems at path C:/Users/Lye Hong Ann/Documents/TP Stuff/Major-Project/Major-Project/Assets
GfxDevice: creating device client; kGfxThreadingModeNonThreaded
Direct3D:
    Version:  Direct3D 11.0 [level 11.1]
    Renderer: NVIDIA GeForce GTX 1650 (ID=0x1f9d)
    Vendor:   NVIDIA
    VRAM:     3962 MB
    Driver:   27.21.14.6262
Initialize mono
Mono path[0] = 'C:/Program Files/Unity/Hub/Editor/6000.3.2f1/Editor/Data/Managed'
Mono path[1] = 'C:/Program Files/Unity/Hub/Editor/6000.3.2f1/Editor/Data/MonoBleedingEdge/lib/mono/unityjit-win32'
Mono config path = 'C:/Program Files/Unity/Hub/Editor/6000.3.2f1/Editor/Data/MonoBleedingEdge/etc'
Using monoOptions --debugger-agent=transport=dt_socket,embedding=1,server=y,suspend=n,address=127.0.0.1:56500
Begin MonoManager ReloadAssembly
Registering precompiled unity dll's ...
Register platform support module: C:/Program Files/Unity/Hub/Editor/6000.3.2f1/Editor/Data/PlaybackEngines/WebGLSupport/UnityEditor.WebGL.Extensions.dll
Register platform support module: C:/Program Files/Unity/Hub/Editor/6000.3.2f1/Editor/Data/PlaybackEngines/WindowsStandaloneSupport/UnityEditor.WindowsStandalone.Extensions.dll
Registered in 0.002135 seconds.
[Licensing::Client] Handshaking with LicensingClient:
  Version:                 1.17.4+4293ba1
  Session Id:              71b5062b5e0a4edd80f8050ba9ea10ea
  Correlation Id:          ad28297b263a865b2239070042b490c2
  External correlation Id: 1263955731684281946
  Machine Id:              d8qaINWnIOy0sUuiXn0ummexNz4=
[Licensing::Module] Successfully connected to LicensingClient on channel: "LicenseClient-Lye Hong Ann" (connect: 0.00s, validation: 0.00s, handshake: 1.17s)
[Licensing::IpcConnector] Successfully connected to: "LicenseClient-Lye Hong Ann-notifications" at "2026-01-18T06:05:55.3146137Z"
[Licensing::Module] Licensing Background thread has ended after 1.17s
- Loaded All Assemblies, in  0.617 seconds
Native extension for WindowsStandalone target not found
Native extension for WebGL target not found
Mono: successfully reloaded assembly
- Finished resetting the current domain, in  0.467 seconds
Domain Reload Profiling: 1081ms
	BeginReloadAssembly (280ms)
		ExecutionOrderSort (0ms)
		DisableScriptedObjects (0ms)
		BackupInstance (0ms)
		ReleaseScriptingObjects (0ms)
		CreateAndSetChildDomain (1ms)
	RebuildCommonClasses (57ms)
	RebuildNativeTypeToScriptingClass (15ms)
	initialDomainReloadingComplete (54ms)
	LoadAllAssembliesAndSetupDomain (207ms)
		LoadAssemblies (277ms)
		RebuildTransferFunctionScriptingTraits (0ms)
		AnalyzeDomain (204ms)
			TypeCache.Refresh (201ms)
				TypeCache.ScanAssembly (186ms)
			BuildScriptInfoCaches (0ms)
			ResolveRequiredComponents (0ms)
	FinalizeReload (467ms)
		ReleaseScriptCaches (0ms)
		RebuildScriptCaches (0ms)
		SetupLoadedEditorAssemblies (421ms)
			LogAssemblyErrors (0ms)
			InitializePlatformSupportModulesInManaged (50ms)
			SetLoadedEditorAssemblies (4ms)
			BeforeProcessingInitializeOnLoad (92ms)
			ProcessInitializeOnLoadAttributes (206ms)
			ProcessInitializeOnLoadMethodAttributes (69ms)
			AfterProcessingInitializeOnLoad (0ms)
			EditorAssembliesLoaded (0ms)
		ExecutionOrderSort2 (0ms)
		AwakeInstancesAfterBackupRestoration (0ms)
========================================================================
Worker process is ready to serve import requests
Import Worker Mode flag is 0x00
Begin MonoManager ReloadAssembly
[Licensing::Client] Successfully resolved entitlement details
[Licensing::Module] License group:
  Id: 18968360312148-UnityPersXXXX
  Product: Unity Personal
  Type: Assigned
  Expiration: Unlimited
- Loaded All Assemblies, in  1.074 seconds
Refreshing native plugins compatible for Editor in 0.80 ms, found 3 plugins.
Native extension for WindowsStandalone target not found
Native extension for WebGL target not found
Package Manager log level set to [2]
[Package Manager] Failed to launch server process. Reason: Unity was launched with the -noUpm command-line argument
[Package Manager] Unable to send message (not connected to server process).
[Package Manager] Cannot connect to Unity Package Manager local server
Mono: successfully reloaded assembly
- Finished resetting the current domain, in  0.608 seconds
Domain Reload Profiling: 1678ms
	BeginReloadAssembly (189ms)
		ExecutionOrderSort (0ms)
		DisableScriptedObjects (6ms)
		BackupInstance (0ms)
		ReleaseScriptingObjects (0ms)
		CreateAndSetChildDomain (38ms)
	RebuildCommonClasses (42ms)
	RebuildNativeTypeToScriptingClass (12ms)
	initialDomainReloadingComplete (37ms)
	LoadAllAssembliesAndSetupDomain (791ms)
		LoadAssemblies (698ms)
		RebuildTransferFunctionScriptingTraits (0ms)
		AnalyzeDomain (186ms)
			TypeCache.Refresh (146ms)
				TypeCache.ScanAssembly (128ms)
			BuildScriptInfoCaches (29ms)
			ResolveRequiredComponents (7ms)
	FinalizeReload (608ms)
		ReleaseScriptCaches (0ms)
		RebuildScriptCaches (0ms)
		SetupLoadedEditorAssemblies (491ms)
			LogAssemblyErrors (0ms)
			InitializePlatformSupportModulesInManaged (2ms)
			SetLoadedEditorAssemblies (3ms)
			BeforeProcessingInitializeOnLoad (124ms)
			ProcessInitializeOnLoadAttributes (313ms)
			ProcessInitializeOnLoadMethodAttributes (41ms)
			AfterProcessingInitializeOnLoad (7ms)
			EditorAssembliesLoaded (0ms)
		ExecutionOrderSort2 (0ms)
		AwakeInstancesAfterBackupRestoration (6ms)
Launched and connected shader compiler UnityShaderCompiler.exe after 0.01 seconds
Refreshing native plugins compatible for Editor in 1.69 ms, found 3 plugins.
Preloading 0 native plugins for Editor in 0.00 ms.
Unloading 0 Unused Serialized files (Serialized files now loaded: 0)
Unloading 3897 unused Assets / (1.3 MB). Loaded Objects now: 4520.
Memory consumption went from 94.2 MB to 92.9 MB.
Total: 15.029600 ms (FindLiveObjects: 1.082900 ms CreateObjectMapping: 1.218500 ms MarkObjects: 9.617000 ms  DeleteObjects: 3.107400 ms)

========================================================================
Received Import Request.
  Time since last request: 81439.475319 seconds.
  path: Assets/Alteruna/Media/AlterunaPrefab On Icon.png
  artifactKey: Guid(2195ad23cd0c8a54ea7abbf80a07b163) Importer(2089858483,b0f066a214c2f5e87bad3c948f4d605d)
Start importing Assets/Alteruna/Media/AlterunaPrefab On Icon.png using Guid(2195ad23cd0c8a54ea7abbf80a07b163) Importer(2089858483,b0f066a214c2f5e87bad3c948f4d605d) (ScriptedImporter) -> (artifact id: '8486acc23c11ce41c13f36a630ab8286') in 0.1367945 seconds
Number of updated asset objects reloaded before import = 0Number of asset objects unloaded after import = 1

========================================================================
Received Import Request.
  Time since last request: 0.000029 seconds.
  path: Assets/Alteruna/Prefabs/TextChat/TextChatCommands/CommandPrint.cs
  artifactKey: Guid(504ee6d8105abf343b8f4bc6dda66a31) Importer(2089858483,b0f066a214c2f5e87bad3c948f4d605d)
Start importing Assets/Alteruna/Prefabs/TextChat/TextChatCommands/CommandPrint.cs using Guid(504ee6d8105abf343b8f4bc6dda66a31) Importer(2089858483,b0f066a214c2f5e87bad3c948f4d605d) (ScriptedImporter) -> (artifact id: '853fc455568ae3d42884dc45ce189453') in 0.0228978 seconds
Number of updated asset objects reloaded before import = 0Number of asset objects unloaded after import = 0

========================================================================
Received Import Request.
  Time since last request: 0.000083 seconds.
  path: Assets/Alteruna/Scripts/Examples/ExampleRpcSerializable.cs
  artifactKey: Guid(611eb4555b37417faddf80f06fc427c9) Importer(2089858483,b0f066a214c2f5e87bad3c948f4d605d)
Start importing Assets/Alteruna/Scripts/Examples/ExampleRpcSerializable.cs using Guid(611eb4555b37417faddf80f06fc427c9) Importer(2089858483,b0f066a214c2f5e87bad3c948f4d605d) (ScriptedImporter) -> (artifact id: 'ba928caefc215fe1a045d88c5ce43839') in 0.0179683 seconds
Number of updated asset objects reloaded before import = 0Number of asset objects unloaded after import = 0

========================================================================
Received Import Request.
  Time since last request: 0.000123 seconds.
  path: Assets/Alteruna/Prefabs/TextChat/TextChatCommands/CommandTp.cs
  artifactKey: Guid(3a27f7c07fb9ef04ca8d34b848fe2d29) Importer(2089858483,b0f066a214c2f5e87bad3c948f4d605d)
Start importing Assets/Alteruna/Prefabs/TextChat/TextChatCommands/CommandTp.cs using Guid(3a27f7c07fb9ef04ca8d34b848fe2d29) Importer(2089858483,b0f066a214c2f5e87bad3c948f4d605d) (ScriptedImporter) -> (artifact id: '435d6d7bc752b184616548b3ca12e15f') in 0.0159122 seconds
Number of updated asset objects reloaded before import = 0Number of asset objects unloaded after import = 0

========================================================================
Received Import Request.
  Time since last request: 0.000090 seconds.
  path: Assets/Alteruna/Scripts/Examples/ExampleAttributeRpc.cs
  artifactKey: Guid(226c6a9a18d948889af4ef166783ac5d) Importer(2089858483,b0f066a214c2f5e87bad3c948f4d605d)
Start importing Assets/Alteruna/Scripts/Examples/ExampleAttributeRpc.cs using Guid(226c6a9a18d948889af4ef166783ac5d) Importer(2089858483,b0f066a214c2f5e87bad3c948f4d605d) (ScriptedImporter) -> (artifact id: '1abb2d2001d35e7f7a491002e7b9602a') in 0.0147645 seconds
Number of updated asset objects reloaded before import = 0Number of asset objects unloaded after import = 0

========================================================================
Received Import Request.
  Time since last request: 0.000134 seconds.
  path: Assets/Scripts/InputManager.cs
  artifactKey: Guid(b914e7067b63bed4db48e4e20e1920f4) Importer(2089858483,b0f066a214c2f5e87bad3c948f4d605d)
Start importing Assets/Scripts/InputManager.cs using Guid(b914e7067b63bed4db48e4e20e1920f4) Importer(2089858483,b0f066a214c2f5e87bad3c948f4d605d) (ScriptedImporter) -> (artifact id: '98d9dff7c9b673de29beb437730bd6eb') in 0.0171829 seconds
Number of updated asset objects reloaded before import = 0Number of asset objects unloaded after import = 0

========================================================================
Received Import Request.
  Time since last request: 0.000084 seconds.
  path: Assets/Alteruna/Prefabs/RoomBrowser/RoomBrowser_Back.png
  artifactKey: Guid(da91c5f15753c6041955cb8f1c99811c) Importer(2089858483,b0f066a214c2f5e87bad3c948f4d605d)
Start importing Assets/Alteruna/Prefabs/RoomBrowser/RoomBrowser_Back.png using Guid(da91c5f15753c6041955cb8f1c99811c) Importer(2089858483,b0f066a214c2f5e87bad3c948f4d605d) (ScriptedImporter) -> (artifact id: 'd2a3db9bd2a6b7287e69c1bdbe40bcb4') in 0.0352187 seconds
Number of updated asset objects reloaded before import = 0Number of asset objects unloaded after import = 3

========================================================================
Received Import Request.
  Time since last request: 0.000024 seconds.
  path: Assets/Alteruna/Media/d_AlterunaPrefab On Icon.png
  artifactKey: Guid(341bd44c9b263a443adc610a7f2b8642) Importer(2089858483,b0f066a214c2f5e87bad3c948f4d605d)
Start importing Assets/Alteruna/Media/d_AlterunaPrefab On Icon.png using Guid(341bd44c9b263a443adc610a7f2b8642) Importer(2089858483,b0f066a214c2f5e87bad3c948f4d605d) (ScriptedImporter) -> (artifact id: '8fc819176a4e0c999a5ad2a023450ccc') in 0.0181004 seconds
Number of updated asset objects reloaded before import = 0Number of asset objects unloaded after import = 1

========================================================================
Received Import Request.
  Time since last request: 0.000033 seconds.
  path: Assets/Alteruna/Prefabs/RoomBrowser/Scripts/RoomBrowserSortButton.cs
  artifactKey: Guid(82bb22d9ead931f47b8d63efac7113cb) Importer(2089858483,b0f066a214c2f5e87bad3c948f4d605d)
Start importing Assets/Alteruna/Prefabs/RoomBrowser/Scripts/RoomBrowserSortButton.cs using Guid(82bb22d9ead931f47b8d63efac7113cb) Importer(2089858483,b0f066a214c2f5e87bad3c948f4d605d) (ScriptedImporter) -> (artifact id: '1e0fb93c2bf7981a8ba0570fe9d98ed7') in 0.0126447 seconds
Number of updated asset objects reloaded before import = 0Number of asset objects unloaded after import = 0

========================================================================
Received Import Request.
  Time since last request: 0.000105 seconds.
  path: Assets/Alteruna/Prefabs/TextChat/TextChatCommands/CommandMove.cs
  artifactKey: Guid(24b2c66c06308bc438e346c1ec719f99) Importer(2089858483,b0f066a214c2f5e87bad3c948f4d605d)
Start importing Assets/Alteruna/Prefabs/TextChat/TextChatCommands/CommandMove.cs using Guid(24b2c66c06308bc438e346c1ec719f99) Importer(2089858483,b0f066a214c2f5e87bad3c948f4d605d) (ScriptedImporter) -> (artifact id: '63d1de97474c761bea08cd0178fafbaf') in 0.0159048 seconds
Number of updated asset objects reloaded before import = 0Number of asset objects unloaded after import = 0

========================================================================
Received Import Request.
  Time since last request: 0.000046 seconds.
  path: Assets/Alteruna/Prefabs/TextChat/TextChatCommands/CommandRotate.cs
  artifactKey: Guid(8e0b08634098980448e32bcb63b97fa5) Importer(2089858483,b0f066a214c2f5e87bad3c948f4d605d)
Start importing Assets/Alteruna/Prefabs/TextChat/TextChatCommands/CommandRotate.cs using Guid(8e0b08634098980448e32bcb63b97fa5) Importer(2089858483,b0f066a214c2f5e87bad3c948f4d605d) (ScriptedImporter) -> (artifact id: 'e4582e1dae3c0ccdfa80cc871cad7e63') in 0.0140229 seconds
Number of updated asset objects reloaded before import = 0Number of asset objects unloaded after import = 0

========================================================================
Received Import Request.
  Time since last request: 0.000078 seconds.
  path: Assets/Alteruna
  artifactKey: Guid(48bc9a8b8bbd54644bbe69f5716d8043) Importer(2089858483,b0f066a214c2f5e87bad3c948f4d605d)
Start importing Assets/Alteruna using Guid(48bc9a8b8bbd54644bbe69f5716d8043) Importer(2089858483,b0f066a214c2f5e87bad3c948f4d605d) (ScriptedImporter) -> (artifact id: '2a87a4971b113d4549f7c510838df6ba') in 0.0138629 seconds
Number of updated asset objects reloaded before import = 0Number of asset objects unloaded after import = 1

========================================================================
Received Import Request.
  Time since last request: 0.000064 seconds.
  path: Assets/Alteruna/Scripts/EnsureEventSystem.cs
  artifactKey: Guid(141f9b84258db0d48bd81c5e03977f70) Importer(2089858483,b0f066a214c2f5e87bad3c948f4d605d)
Start importing Assets/Alteruna/Scripts/EnsureEventSystem.cs using Guid(141f9b84258db0d48bd81c5e03977f70) Importer(2089858483,b0f066a214c2f5e87bad3c948f4d605d) (ScriptedImporter) -> (artifact id: '5992ff9ac7e51cb9daf8506eacb1ad28') in 0.0145869 seconds
Number of updated asset objects reloaded before import = 0Number of asset objects unloaded after import = 0

========================================================================
Received Import Request.
  Time since last request: 0.000139 seconds.
  path: Assets/Alteruna/Prefabs/TextChat/TextChatCommands/CommandScale.cs
  artifactKey: Guid(fb1ce0de3b3aa8f42b64ca92bf04b34d) Importer(2089858483,b0f066a214c2f5e87bad3c948f4d605d)
Start importing Assets/Alteruna/Prefabs/TextChat/TextChatCommands/CommandScale.cs using Guid(fb1ce0de3b3aa8f42b64ca92bf04b34d) Importer(2089858483,b0f066a214c2f5e87bad3c948f4d605d) (ScriptedImporter) -> (artifact id: '6e1e67fc8f702f0b002ebe50d05cb0a7') in 0.015859 seconds
Number of updated asset objects reloaded before import = 0Number of asset objects unloaded after import = 0

========================================================================
Received Import Request.
  Time since last request: 0.000102 seconds.
  path: Assets/Alteruna/Prefabs/RoomMenu/Room Menu.prefab
  artifactKey: Guid(5a577542a281e0a448dc3b383023e1f2) Importer(2089858483,b0f066a214c2f5e87bad3c948f4d605d)
Start importing Assets/Alteruna/Prefabs/RoomMenu/Room Menu.prefab using Guid(5a577542a281e0a448dc3b383023e1f2) Importer(2089858483,b0f066a214c2f5e87bad3c948f4d605d) (ScriptedImporter) -> (artifact id: '90aa7456c4b75a47db9aab15720ffbb5') in 0.0907136 seconds
Number of updated asset objects reloaded before import = 0Number of asset objects unloaded after import = 104

========================================================================
Received Import Request.
  Time since last request: 0.000045 seconds.
  path: Assets/Alteruna/Prefabs/RoomBrowser/Scripts
  artifactKey: Guid(c39e689ab7a29d74498d8ba4c5f00502) Importer(2089858483,b0f066a214c2f5e87bad3c948f4d605d)
Start importing Assets/Alteruna/Prefabs/RoomBrowser/Scripts using Guid(c39e689ab7a29d74498d8ba4c5f00502) Importer(2089858483,b0f066a214c2f5e87bad3c948f4d605d) (ScriptedImporter) -> (artifact id: '3a0b5bff9837476717a5bd71a4607ede') in 0.0138833 seconds
Number of updated asset objects reloaded before import = 0Number of asset objects unloaded after import = 1

========================================================================
Received Import Request.
  Time since last request: 0.000076 seconds.
  path: Assets/Alteruna/Plugins
  artifactKey: Guid(5eae847ce7a7a624fac658442de0e936) Importer(2089858483,b0f066a214c2f5e87bad3c948f4d605d)
Start importing Assets/Alteruna/Plugins using Guid(5eae847ce7a7a624fac658442de0e936) Importer(2089858483,b0f066a214c2f5e87bad3c948f4d605d) (ScriptedImporter) -> (artifact id: '3f81a5b1998c84a3db9667801102667b') in 0.0133381 seconds
Number of updated asset objects reloaded before import = 0Number of asset objects unloaded after import = 1

========================================================================
Received Import Request.
  Time since last request: 0.000029 seconds.
  path: Assets/Alteruna/Prefabs/TextChat/TextChatCommands/CommandCreateRoom.cs
  artifactKey: Guid(56aa9507285f06549ab7f3a29dd7fbd9) Importer(2089858483,b0f066a214c2f5e87bad3c948f4d605d)
Start importing Assets/Alteruna/Prefabs/TextChat/TextChatCommands/CommandCreateRoom.cs using Guid(56aa9507285f06549ab7f3a29dd7fbd9) Importer(2089858483,b0f066a214c2f5e87bad3c948f4d605d) (ScriptedImporter) -> (artifact id: 'f7947ba1f9c2dec4ba64ca3358a51a5e') in 0.0153814 seconds
Number of updated asset objects reloaded before import = 0Number of asset objects unloaded after import = 0

========================================================================
Received Import Request.
  Time since last request: 0.000217 seconds.
  path: Assets/Alteruna/Plugins/Alteruna.Trinity.xml
  artifactKey: Guid(63cb4315fdcff3843bf0265c9b63f17e) Importer(2089858483,b0f066a214c2f5e87bad3c948f4d605d)
Start importing Assets/Alteruna/Plugins/Alteruna.Trinity.xml using Guid(63cb4315fdcff3843bf0265c9b63f17e) Importer(2089858483,b0f066a214c2f5e87bad3c948f4d605d) (ScriptedImporter) -> (artifact id: '56c9a60c6e4fc86816c5b35500e2577e') in 0.0160184 seconds
Number of updated asset objects reloaded before import = 0Number of asset objects unloaded after import = 1

========================================================================
Received Import Request.
  Time since last request: 0.000057 seconds.
  path: Assets/Alteruna/Prefabs/RoomBrowser/RoomBrowser_Refresh.png
  artifactKey: Guid(b5cee940ee61623479638f9abf957725) Importer(2089858483,b0f066a214c2f5e87bad3c948f4d605d)
Start importing Assets/Alteruna/Prefabs/RoomBrowser/RoomBrowser_Refresh.png using Guid(b5cee940ee61623479638f9abf957725) Importer(2089858483,b0f066a214c2f5e87bad3c948f4d605d) (ScriptedImporter) -> (artifact id: '2e0a724c4ff32bda6a00196d2f6327d4') in 0.0302664 seconds
Number of updated asset objects reloaded before import = 0Number of asset objects unloaded after import = 3

========================================================================
Received Import Request.
  Time since last request: 0.000028 seconds.
  path: Assets/Alteruna/Prefabs/RoomBrowser/Scripts/PasswordPopup.cs
  artifactKey: Guid(483ad502ff0c2b64699741c825218c9f) Importer(2089858483,b0f066a214c2f5e87bad3c948f4d605d)
Start importing Assets/Alteruna/Prefabs/RoomBrowser/Scripts/PasswordPopup.cs using Guid(483ad502ff0c2b64699741c825218c9f) Importer(2089858483,b0f066a214c2f5e87bad3c948f4d605d) (ScriptedImporter) -> (artifact id: '2c25fbf1d6607770a6db61091242d2e4') in 0.0163319 seconds
Number of updated asset objects reloaded before import = 0Number of asset objects unloaded after import = 0

Editor requested this worker to shutdown with reason: Scaling down because of idle timeout
AssetImportWorker is now disconnected from the server
Process exiting
Exiting without the bug reporter. Application will terminate with return code 0