[Licensing::Module] Trying to connect to existing licensing client channel...
Built from '6000.3/staging' branch; Version is '6000.3.2f1 (a9779f353c9b) revision 11106207'; Using compiler version '194234433'; Build Type 'Release'
OS: 'Windows 11  (10.0.26200) 64bit Core' Language: 'en' Physical Memory: 15770 MB
[Licensing::IpcConnector] Successfully connected to: "LicenseClient-aldri" at "2026-01-09T04:49:48.443545Z"
BatchMode: 1, IsHumanControllingUs: 0, StartBugReporterOnCrash: 0, Is64bit: 1
Date: 2026-01-09T04:49:48Z

COMMAND LINE ARGUMENTS:
C:\Program Files\Unity\Hub\Editor\6000.3.2f1\Editor\Unity.exe
-adb2
-batchMode
-noUpm
-name
AssetImportWorker4
-projectPath
C:/Users/aldri/Major Project
-logFile
Logs/AssetImportWorker4.log
-srvPort
60459
-job-worker-count
7
-background-job-worker-count
8
-gc-helper-count
1
-name
AssetImport
Successfully changed project path to: C:/Users/aldri/Major Project
C:/Users/aldri/Major Project
[UnityMemory] Configuration Parameters - Can be set up in boot.config
    "memorysetup-temp-allocator-size-nav-mesh-worker=65536"
    "memorysetup-temp-allocator-size-audio-worker=65536"
    "memorysetup-temp-allocator-size-gfx=262144"
    "memorysetup-allocator-temp-initial-block-size-main=262144"
    "memorysetup-allocator-temp-initial-block-size-worker=262144"
    "memorysetup-temp-allocator-size-background-worker=32768"
    "memorysetup-temp-allocator-size-job-worker=262144"
    "memorysetup-temp-allocator-size-preload-manager=33554432"
    "memorysetup-temp-allocator-size-gi-baking-worker=262144"
    "memorysetup-temp-allocator-size-gi-baking-worker=262144"
    "memorysetup-temp-allocator-size-gi-baking-worker=262144"
    "memorysetup-temp-allocator-size-gi-baking-worker=262144"
    "memorysetup-temp-allocator-size-gi-baking-worker=262144"
    "memorysetup-bucket-allocator-granularity=16"
    "memorysetup-bucket-allocator-bucket-count=8"
    "memorysetup-bucket-allocator-block-size=33554432"
    "memorysetup-bucket-allocator-block-count=8"
    "memorysetup-main-allocator-block-size=16777216"
    "memorysetup-thread-allocator-block-size=16777216"
    "memorysetup-gfx-main-allocator-block-size=16777216"
    "memorysetup-gfx-thread-allocator-block-size=16777216"
    "memorysetup-cache-allocator-block-size=4194304"
    "memorysetup-typetree-allocator-block-size=2097152"
    "memorysetup-profiler-bucket-allocator-granularity=16"
    "memorysetup-profiler-bucket-allocator-bucket-count=8"
    "memorysetup-profiler-bucket-allocator-block-size=33554432"
    "memorysetup-profiler-bucket-allocator-block-count=8"
    "memorysetup-profiler-allocator-block-size=16777216"
    "memorysetup-profiler-editor-allocator-block-size=1048576"
    "memorysetup-temp-allocator-size-main=16777216"
    "memorysetup-job-temp-allocator-block-size=2097152"
    "memorysetup-job-temp-allocator-block-size-background=1048576"
    "memorysetup-job-temp-allocator-reduction-small-platforms=262144"
    "memorysetup-temp-allocator-size-cloud-worker=32768"
Player connection [27276]  Target information:

Player connection [27276]  * "[IP] 192.168.0.1 [Port] 0 [Flags] 2 [Guid] 2105838676 [EditorId] 2105838676 [Version] 1048832 [Id] WindowsEditor(7,ImAluminium) [Debug] 1 [PackageName] WindowsEditor [ProjectName] Editor" 

Player connection [27276]  * "[IP] 192.168.56.1 [Port] 0 [Flags] 2 [Guid] 2105838676 [EditorId] 2105838676 [Version] 1048832 [Id] WindowsEditor(7,ImAluminium) [Debug] 1 [PackageName] WindowsEditor [ProjectName] Editor" 

Player connection [27276]  * "[IP] 192.168.1.31 [Port] 0 [Flags] 2 [Guid] 2105838676 [EditorId] 2105838676 [Version] 1048832 [Id] WindowsEditor(7,ImAluminium) [Debug] 1 [PackageName] WindowsEditor [ProjectName] Editor" 

Player connection [27276] Host joined multi-casting on [225.0.0.222:54997]...
Player connection [27276] Host joined alternative multi-casting on [225.0.0.222:34997]...
JobSystem: Creating JobQueue using job-worker-count value 7
Input System module state changed to: Initialized.
[Physics::Module] Initialized fallback backend.
[Physics::Module] Id: 0xdecafbad
Library Redirect Path: Library/
[Physics::Module] Selected backend.
[Physics::Module] Name: PhysX
[Physics::Module] Id: 0xf2b8ea05
[Physics::Module] SDK Version: 4.1.2
[Physics::Module] Integration Version: 1.0.0
[Physics::Module] Threading Mode: Multi-Threaded
Refreshing native plugins compatible for Editor in 5.33 ms, found 3 plugins.
Preloading 0 native plugins for Editor in 0.00 ms.
Initialize engine version: 6000.3.2f1 (a9779f353c9b)
[Subsystems] Discovering subsystems at path C:/Program Files/Unity/Hub/Editor/6000.3.2f1/Editor/Data/Resources/UnitySubsystems
[Subsystems] Discovering subsystems at path C:/Users/aldri/Major Project/Assets
GfxDevice: creating device client; kGfxThreadingModeNonThreaded
Direct3D:
    Version:  Direct3D 11.0 [level 11.1]
    Renderer: AMD Radeon (TM) Graphics (ID=0x15e7)
    Vendor:   ATI
    VRAM:     7885 MB
    Driver:   31.0.12046.27001
Initialize mono
Mono path[0] = 'C:/Program Files/Unity/Hub/Editor/6000.3.2f1/Editor/Data/Managed'
Mono path[1] = 'C:/Program Files/Unity/Hub/Editor/6000.3.2f1/Editor/Data/MonoBleedingEdge/lib/mono/unityjit-win32'
Mono config path = 'C:/Program Files/Unity/Hub/Editor/6000.3.2f1/Editor/Data/MonoBleedingEdge/etc'
Using monoOptions --debugger-agent=transport=dt_socket,embedding=1,server=y,suspend=n,address=127.0.0.1:56248
Begin MonoManager ReloadAssembly
Registering precompiled unity dll's ...
Register platform support module: C:/Program Files/Unity/Hub/Editor/6000.3.2f1/Editor/Data/PlaybackEngines/WebGLSupport/UnityEditor.WebGL.Extensions.dll
Register platform support module: C:/Program Files/Unity/Hub/Editor/6000.3.2f1/Editor/Data/PlaybackEngines/WindowsStandaloneSupport/UnityEditor.WindowsStandalone.Extensions.dll
Registered in 0.003170 seconds.
- Loaded All Assemblies, in  0.549 seconds
Native extension for WindowsStandalone target not found
Native extension for WebGL target not found
Mono: successfully reloaded assembly
- Finished resetting the current domain, in  0.520 seconds
Domain Reload Profiling: 1064ms
	BeginReloadAssembly (184ms)
		ExecutionOrderSort (0ms)
		DisableScriptedObjects (0ms)
		BackupInstance (0ms)
		ReleaseScriptingObjects (0ms)
		CreateAndSetChildDomain (1ms)
	RebuildCommonClasses (45ms)
	RebuildNativeTypeToScriptingClass (14ms)
	initialDomainReloadingComplete (69ms)
	LoadAllAssembliesAndSetupDomain (231ms)
		LoadAssemblies (179ms)
		RebuildTransferFunctionScriptingTraits (0ms)
		AnalyzeDomain (227ms)
			TypeCache.Refresh (224ms)
				TypeCache.ScanAssembly (207ms)
			BuildScriptInfoCaches (0ms)
			ResolveRequiredComponents (1ms)
	FinalizeReload (521ms)
		ReleaseScriptCaches (0ms)
		RebuildScriptCaches (0ms)
		SetupLoadedEditorAssemblies (464ms)
			LogAssemblyErrors (0ms)
			InitializePlatformSupportModulesInManaged (62ms)
			SetLoadedEditorAssemblies (4ms)
			BeforeProcessingInitializeOnLoad (97ms)
			ProcessInitializeOnLoadAttributes (193ms)
			ProcessInitializeOnLoadMethodAttributes (108ms)
			AfterProcessingInitializeOnLoad (0ms)
			EditorAssembliesLoaded (0ms)
		ExecutionOrderSort2 (0ms)
		AwakeInstancesAfterBackupRestoration (0ms)
========================================================================
Worker process is ready to serve import requests
Import Worker Mode flag is 0x00
Begin MonoManager ReloadAssembly
[Licensing::Module] Licensing is not yet initialized.
[Licensing::Client] Handshaking with LicensingClient:
  Version:                 1.17.4+4293ba1
  Session Id:              e6f34a5d0e1e4cf986fdc246b1907a60
  Correlation Id:          8be5b6454b9a08a85ff9cb0f6c147233
  External correlation Id: 2691337759743571231
  Machine Id:              l0EhpGW4SrtGiNS3MlV682PN5Ns=
[Licensing::Module] Successfully connected to LicensingClient on channel: "LicenseClient-aldri" (connect: 0.00s, validation: 0.00s, handshake: 2.42s)
[Licensing::IpcConnector] Successfully connected to: "LicenseClient-aldri-notifications" at "2026-01-09T04:49:50.8623767Z"
[Licensing::Module] Licensing Background thread has ended after 2.42s
[Licensing::Module] Licensing is initialized (took 0.31s).
[Licensing::Client] Successfully resolved entitlement details
[Licensing::Module] License group:
  Id: 18968360284224-UnityPersXXXX
  Product: Unity Personal
  Type: Assigned
  Expiration: Unlimited
- Loaded All Assemblies, in  1.185 seconds
Refreshing native plugins compatible for Editor in 0.82 ms, found 3 plugins.
Native extension for WindowsStandalone target not found
Native extension for WebGL target not found
Package Manager log level set to [2]
[Package Manager] Failed to launch server process. Reason: Unity was launched with the -noUpm command-line argument
[Package Manager] Unable to send message (not connected to server process).
[Package Manager] Cannot connect to Unity Package Manager local server
Mono: successfully reloaded assembly
- Finished resetting the current domain, in  0.836 seconds
Domain Reload Profiling: 2015ms
	BeginReloadAssembly (565ms)
		ExecutionOrderSort (0ms)
		DisableScriptedObjects (7ms)
		BackupInstance (0ms)
		ReleaseScriptingObjects (0ms)
		CreateAndSetChildDomain (58ms)
	RebuildCommonClasses (50ms)
	RebuildNativeTypeToScriptingClass (15ms)
	initialDomainReloadingComplete (54ms)
	LoadAllAssembliesAndSetupDomain (494ms)
		LoadAssemblies (414ms)
		RebuildTransferFunctionScriptingTraits (0ms)
		AnalyzeDomain (217ms)
			TypeCache.Refresh (176ms)
				TypeCache.ScanAssembly (161ms)
			BuildScriptInfoCaches (32ms)
			ResolveRequiredComponents (5ms)
	FinalizeReload (837ms)
		ReleaseScriptCaches (0ms)
		RebuildScriptCaches (0ms)
		SetupLoadedEditorAssemblies (685ms)
			LogAssemblyErrors (0ms)
			InitializePlatformSupportModulesInManaged (3ms)
			SetLoadedEditorAssemblies (5ms)
			BeforeProcessingInitializeOnLoad (181ms)
			ProcessInitializeOnLoadAttributes (437ms)
			ProcessInitializeOnLoadMethodAttributes (50ms)
			AfterProcessingInitializeOnLoad (9ms)
			EditorAssembliesLoaded (0ms)
		ExecutionOrderSort2 (0ms)
		AwakeInstancesAfterBackupRestoration (10ms)
Launched and connected shader compiler UnityShaderCompiler.exe after 0.04 seconds
Refreshing native plugins compatible for Editor in 1.76 ms, found 3 plugins.
Preloading 0 native plugins for Editor in 0.00 ms.
Unloading 0 Unused Serialized files (Serialized files now loaded: 0)
Unloading 3859 unused Assets / (1.2 MB). Loaded Objects now: 4442.
Memory consumption went from 93.3 MB to 92.1 MB.
Total: 10.327100 ms (FindLiveObjects: 0.610700 ms CreateObjectMapping: 0.340600 ms MarkObjects: 7.772400 ms  DeleteObjects: 1.601100 ms)

========================================================================
Received Import Request.
  Time since last request: 147884.696901 seconds.
  path: Assets/Prefabs/Player.prefab
  artifactKey: Guid(af1e225e35c03f149a980acc3bb58abf) Importer(815301076,1909f56bfc062723c751e8b465ee728b)
Start importing Assets/Prefabs/Player.prefab using Guid(af1e225e35c03f149a980acc3bb58abf) Importer(815301076,1909f56bfc062723c751e8b465ee728b) (PreviewImporter) -> (artifact id: '5ba7d9ffa1beff9a2e3329babc1abd83') in 0.1204597 seconds
Number of updated asset objects reloaded before import = 0Number of asset objects unloaded after import = 248

========================================================================
Received Import Request.
  Time since last request: 0.853218 seconds.
  path: Assets/Prefabs/Player.prefab
  artifactKey: Guid(af1e225e35c03f149a980acc3bb58abf) Importer(2089858483,b0f066a214c2f5e87bad3c948f4d605d)
Start importing Assets/Prefabs/Player.prefab using Guid(af1e225e35c03f149a980acc3bb58abf) Importer(2089858483,b0f066a214c2f5e87bad3c948f4d605d) (ScriptedImporter) -> (artifact id: 'b8046dcfad2fbb17cdb6a26dacd3b2d9') in 0.1144408 seconds
Number of updated asset objects reloaded before import = 0Number of asset objects unloaded after import = 194

========================================================================
Received Prepare
Begin MonoManager ReloadAssembly
[Licensing::Client] Successfully resolved entitlement details
- Loaded All Assemblies, in  0.659 seconds
Refreshing native plugins compatible for Editor in 1.13 ms, found 3 plugins.
Native extension for WindowsStandalone target not found
Native extension for WebGL target not found
[Package Manager] Failed to launch server process. Reason: Unity was launched with the -noUpm command-line argument
[Package Manager] Unable to send message (not connected to server process).
[Package Manager] Cannot connect to Unity Package Manager local server
Mono: successfully reloaded assembly
- Finished resetting the current domain, in  1.013 seconds
Domain Reload Profiling: 1670ms
	BeginReloadAssembly (211ms)
		ExecutionOrderSort (0ms)
		DisableScriptedObjects (5ms)
		BackupInstance (0ms)
		ReleaseScriptingObjects (0ms)
		CreateAndSetChildDomain (59ms)
	RebuildCommonClasses (36ms)
	RebuildNativeTypeToScriptingClass (12ms)
	initialDomainReloadingComplete (30ms)
	LoadAllAssembliesAndSetupDomain (366ms)
		LoadAssemblies (314ms)
		RebuildTransferFunctionScriptingTraits (0ms)
		AnalyzeDomain (150ms)
			TypeCache.Refresh (7ms)
				TypeCache.ScanAssembly (0ms)
			BuildScriptInfoCaches (134ms)
			ResolveRequiredComponents (5ms)
	FinalizeReload (1014ms)
		ReleaseScriptCaches (0ms)
		RebuildScriptCaches (0ms)
		SetupLoadedEditorAssemblies (857ms)
			LogAssemblyErrors (0ms)
			InitializePlatformSupportModulesInManaged (4ms)
			SetLoadedEditorAssemblies (4ms)
			BeforeProcessingInitializeOnLoad (156ms)
			ProcessInitializeOnLoadAttributes (549ms)
			ProcessInitializeOnLoadMethodAttributes (122ms)
			AfterProcessingInitializeOnLoad (21ms)
			EditorAssembliesLoaded (0ms)
		ExecutionOrderSort2 (0ms)
		AwakeInstancesAfterBackupRestoration (20ms)
Refreshing native plugins compatible for Editor in 1.16 ms, found 3 plugins.
Preloading 0 native plugins for Editor in 0.00 ms.
Unloading 0 Unused Serialized files (Serialized files now loaded: 0)
Unloading 3858 unused Assets / (1.5 MB). Loaded Objects now: 4454.
Memory consumption went from 101.2 MB to 99.8 MB.
Total: 13.249000 ms (FindLiveObjects: 0.778100 ms CreateObjectMapping: 0.344800 ms MarkObjects: 9.631000 ms  DeleteObjects: 2.493400 ms)

Prepare: number of updated asset objects reloaded= 0
========================================================================
Received Prepare
Begin MonoManager ReloadAssembly
- Loaded All Assemblies, in  0.629 seconds
Refreshing native plugins compatible for Editor in 0.89 ms, found 3 plugins.
Native extension for WindowsStandalone target not found
Native extension for WebGL target not found
[Package Manager] Failed to launch server process. Reason: Unity was launched with the -noUpm command-line argument
[Package Manager] Unable to send message (not connected to server process).
[Package Manager] Cannot connect to Unity Package Manager local server
Mono: successfully reloaded assembly
- Finished resetting the current domain, in  1.334 seconds
Domain Reload Profiling: 1963ms
	BeginReloadAssembly (204ms)
		ExecutionOrderSort (0ms)
		DisableScriptedObjects (6ms)
		BackupInstance (0ms)
		ReleaseScriptingObjects (0ms)
		CreateAndSetChildDomain (50ms)
	RebuildCommonClasses (37ms)
	RebuildNativeTypeToScriptingClass (13ms)
	initialDomainReloadingComplete (32ms)
	LoadAllAssembliesAndSetupDomain (343ms)
		LoadAssemblies (302ms)
		RebuildTransferFunctionScriptingTraits (0ms)
		AnalyzeDomain (140ms)
			TypeCache.Refresh (6ms)
				TypeCache.ScanAssembly (0ms)
			BuildScriptInfoCaches (125ms)
			ResolveRequiredComponents (4ms)
	FinalizeReload (1335ms)
		ReleaseScriptCaches (0ms)
		RebuildScriptCaches (0ms)
		SetupLoadedEditorAssemblies (1138ms)
			LogAssemblyErrors (0ms)
			InitializePlatformSupportModulesInManaged (4ms)
			SetLoadedEditorAssemblies (5ms)
			BeforeProcessingInitializeOnLoad (224ms)
			ProcessInitializeOnLoadAttributes (763ms)
			ProcessInitializeOnLoadMethodAttributes (116ms)
			AfterProcessingInitializeOnLoad (25ms)
			EditorAssembliesLoaded (1ms)
		ExecutionOrderSort2 (0ms)
		AwakeInstancesAfterBackupRestoration (25ms)
Refreshing native plugins compatible for Editor in 2.98 ms, found 3 plugins.
Preloading 0 native plugins for Editor in 0.00 ms.
Unloading 0 Unused Serialized files (Serialized files now loaded: 0)
Unloading 3857 unused Assets / (1.1 MB). Loaded Objects now: 4455.
Memory consumption went from 101.2 MB to 100.1 MB.
Total: 20.992500 ms (FindLiveObjects: 1.476600 ms CreateObjectMapping: 1.046300 ms MarkObjects: 15.106400 ms  DeleteObjects: 3.359700 ms)

Prepare: number of updated asset objects reloaded= 0
========================================================================
Received Prepare
Begin MonoManager ReloadAssembly
- Loaded All Assemblies, in  0.617 seconds
Refreshing native plugins compatible for Editor in 1.32 ms, found 3 plugins.
Native extension for WindowsStandalone target not found
Native extension for WebGL target not found
[Package Manager] Failed to launch server process. Reason: Unity was launched with the -noUpm command-line argument
[Package Manager] Unable to send message (not connected to server process).
[Package Manager] Cannot connect to Unity Package Manager local server
Mono: successfully reloaded assembly
- Finished resetting the current domain, in  0.911 seconds
Domain Reload Profiling: 1527ms
	BeginReloadAssembly (204ms)
		ExecutionOrderSort (0ms)
		DisableScriptedObjects (8ms)
		BackupInstance (0ms)
		ReleaseScriptingObjects (0ms)
		CreateAndSetChildDomain (50ms)
	RebuildCommonClasses (36ms)
	RebuildNativeTypeToScriptingClass (12ms)
	initialDomainReloadingComplete (29ms)
	LoadAllAssembliesAndSetupDomain (335ms)
		LoadAssemblies (300ms)
		RebuildTransferFunctionScriptingTraits (0ms)
		AnalyzeDomain (131ms)
			TypeCache.Refresh (6ms)
				TypeCache.ScanAssembly (0ms)
			BuildScriptInfoCaches (118ms)
			ResolveRequiredComponents (4ms)
	FinalizeReload (912ms)
		ReleaseScriptCaches (0ms)
		RebuildScriptCaches (0ms)
		SetupLoadedEditorAssemblies (726ms)
			LogAssemblyErrors (0ms)
			InitializePlatformSupportModulesInManaged (4ms)
			SetLoadedEditorAssemblies (4ms)
			BeforeProcessingInitializeOnLoad (158ms)
			ProcessInitializeOnLoadAttributes (497ms)
			ProcessInitializeOnLoadMethodAttributes (52ms)
			AfterProcessingInitializeOnLoad (11ms)
			EditorAssembliesLoaded (0ms)
		ExecutionOrderSort2 (0ms)
		AwakeInstancesAfterBackupRestoration (24ms)
Refreshing native plugins compatible for Editor in 1.03 ms, found 3 plugins.
Preloading 0 native plugins for Editor in 0.00 ms.
Unloading 0 Unused Serialized files (Serialized files now loaded: 0)
Unloading 3857 unused Assets / (1.1 MB). Loaded Objects now: 4456.
Memory consumption went from 101.2 MB to 100.1 MB.
Total: 13.677000 ms (FindLiveObjects: 1.325400 ms CreateObjectMapping: 0.520100 ms MarkObjects: 9.897400 ms  DeleteObjects: 1.932100 ms)

Prepare: number of updated asset objects reloaded= 0
========================================================================
Received Prepare
Begin MonoManager ReloadAssembly
[Licensing::Client] Successfully resolved entitlement details
- Loaded All Assemblies, in  0.623 seconds
Refreshing native plugins compatible for Editor in 0.85 ms, found 3 plugins.
Native extension for WindowsStandalone target not found
Native extension for WebGL target not found
[Package Manager] Failed to launch server process. Reason: Unity was launched with the -noUpm command-line argument
[Package Manager] Unable to send message (not connected to server process).
[Package Manager] Cannot connect to Unity Package Manager local server
Mono: successfully reloaded assembly
- Finished resetting the current domain, in  0.783 seconds
Domain Reload Profiling: 1405ms
	BeginReloadAssembly (206ms)
		ExecutionOrderSort (0ms)
		DisableScriptedObjects (6ms)
		BackupInstance (0ms)
		ReleaseScriptingObjects (0ms)
		CreateAndSetChildDomain (52ms)
	RebuildCommonClasses (38ms)
	RebuildNativeTypeToScriptingClass (12ms)
	initialDomainReloadingComplete (28ms)
	LoadAllAssembliesAndSetupDomain (336ms)
		LoadAssemblies (298ms)
		RebuildTransferFunctionScriptingTraits (0ms)
		AnalyzeDomain (137ms)
			TypeCache.Refresh (6ms)
				TypeCache.ScanAssembly (0ms)
			BuildScriptInfoCaches (123ms)
			ResolveRequiredComponents (4ms)
	FinalizeReload (784ms)
		ReleaseScriptCaches (0ms)
		RebuildScriptCaches (0ms)
		SetupLoadedEditorAssemblies (627ms)
			LogAssemblyErrors (0ms)
			InitializePlatformSupportModulesInManaged (3ms)
			SetLoadedEditorAssemblies (4ms)
			BeforeProcessingInitializeOnLoad (141ms)
			ProcessInitializeOnLoadAttributes (353ms)
			ProcessInitializeOnLoadMethodAttributes (101ms)
			AfterProcessingInitializeOnLoad (25ms)
			EditorAssembliesLoaded (1ms)
		ExecutionOrderSort2 (0ms)
		AwakeInstancesAfterBackupRestoration (24ms)
Refreshing native plugins compatible for Editor in 1.38 ms, found 3 plugins.
Preloading 0 native plugins for Editor in 0.00 ms.
Unloading 0 Unused Serialized files (Serialized files now loaded: 0)
Unloading 3857 unused Assets / (1.0 MB). Loaded Objects now: 4457.
Memory consumption went from 101.2 MB to 100.2 MB.
Total: 16.501200 ms (FindLiveObjects: 0.746400 ms CreateObjectMapping: 0.276500 ms MarkObjects: 13.041300 ms  DeleteObjects: 2.434800 ms)

Prepare: number of updated asset objects reloaded= 0
========================================================================
Received Import Request.
  Time since last request: 213.631416 seconds.
  path: Assets/MinimalPolyFree/Materials/Man/Eye_Type1.mat
  artifactKey: Guid(4e1f9f23fee344b299832cf2d66f760b) Importer(815301076,1909f56bfc062723c751e8b465ee728b)
Start importing Assets/MinimalPolyFree/Materials/Man/Eye_Type1.mat using Guid(4e1f9f23fee344b299832cf2d66f760b) Importer(815301076,1909f56bfc062723c751e8b465ee728b) (PreviewImporter) -> (artifact id: '00c879f41db4ff803e0660c18dc79240') in 0.0804281 seconds
Number of updated asset objects reloaded before import = 0Number of asset objects unloaded after import = 2

========================================================================
Received Import Request.
  Time since last request: 0.012571 seconds.
  path: Assets/MinimalPolyFree/Materials/Man/Mouth_Type1.mat
  artifactKey: Guid(63603196c62cc4574bc400bf0f074c22) Importer(815301076,1909f56bfc062723c751e8b465ee728b)
Start importing Assets/MinimalPolyFree/Materials/Man/Mouth_Type1.mat using Guid(63603196c62cc4574bc400bf0f074c22) Importer(815301076,1909f56bfc062723c751e8b465ee728b) (PreviewImporter) -> (artifact id: 'de43f6ce3f852f20a36f06caadad8d67') in 0.0086605 seconds
Number of updated asset objects reloaded before import = 0Number of asset objects unloaded after import = 2

========================================================================
Received Import Request.
  Time since last request: 0.000029 seconds.
  path: Assets/MinimalPolyFree/Materials/Man/Male_A1_Bottoms_100.mat
  artifactKey: Guid(ff27a851073f149fc8039bde840a4075) Importer(815301076,1909f56bfc062723c751e8b465ee728b)
Start importing Assets/MinimalPolyFree/Materials/Man/Male_A1_Bottoms_100.mat using Guid(ff27a851073f149fc8039bde840a4075) Importer(815301076,1909f56bfc062723c751e8b465ee728b) (PreviewImporter) -> (artifact id: '6559aa24c0a4dde63342708bb9f0cd3a') in 0.0110165 seconds
Number of updated asset objects reloaded before import = 0Number of asset objects unloaded after import = 2

========================================================================
Received Import Request.
  Time since last request: 0.000023 seconds.
  path: Assets/MinimalPolyFree/Materials/Man/Hair.mat
  artifactKey: Guid(ce12cc33bd2f44015b2cda48fa733b96) Importer(815301076,1909f56bfc062723c751e8b465ee728b)
Start importing Assets/MinimalPolyFree/Materials/Man/Hair.mat using Guid(ce12cc33bd2f44015b2cda48fa733b96) Importer(815301076,1909f56bfc062723c751e8b465ee728b) (PreviewImporter) -> (artifact id: '18dd17260926d391f9c5756aa78da743') in 0.0079711 seconds
Number of updated asset objects reloaded before import = 0Number of asset objects unloaded after import = 2

========================================================================
Received Import Request.
  Time since last request: 10.903313 seconds.
  path: Assets/MinimalPolyFree/Textures/Shoes_Type1_gray.png
  artifactKey: Guid(f9901cedd7de5479cbcfd8ab086d5ebf) Importer(815301076,1909f56bfc062723c751e8b465ee728b)
Start importing Assets/MinimalPolyFree/Textures/Shoes_Type1_gray.png using Guid(f9901cedd7de5479cbcfd8ab086d5ebf) Importer(815301076,1909f56bfc062723c751e8b465ee728b) (PreviewImporter) -> (artifact id: '843d8f1ca9fdc5fe451777d0d18fcf3a') in 0.0204754 seconds
Number of updated asset objects reloaded before import = 0Number of asset objects unloaded after import = 2

========================================================================
Received Import Request.
  Time since last request: 108.440402 seconds.
  path: Assets/MinimalPolyFree/Prefabs/Hair
  artifactKey: Guid(6af691154945049f58442cdb5ce69f49) Importer(815301076,1909f56bfc062723c751e8b465ee728b)
Start importing Assets/MinimalPolyFree/Prefabs/Hair using Guid(6af691154945049f58442cdb5ce69f49) Importer(815301076,1909f56bfc062723c751e8b465ee728b) (PreviewImporter) -> (artifact id: '7024c3b24065f3971c165b87047344be') in 0.0007128 seconds
Number of updated asset objects reloaded before import = 0Number of asset objects unloaded after import = 0

========================================================================
Received Import Request.
  Time since last request: 117.607351 seconds.
  path: Assets/MinimalPolyFree/Materials/HeadBody_Male_A1_EB1_S2.mat
  artifactKey: Guid(148ad103964022448b0780e006c3fdd5) Importer(2089858483,b0f066a214c2f5e87bad3c948f4d605d)
Start importing Assets/MinimalPolyFree/Materials/HeadBody_Male_A1_EB1_S2.mat using Guid(148ad103964022448b0780e006c3fdd5) Importer(2089858483,b0f066a214c2f5e87bad3c948f4d605d) (ScriptedImporter) -> (artifact id: '78b160ef2be9fb3ed09feabb216f9db4') in 0.0974246 seconds
Number of updated asset objects reloaded before import = 0Number of asset objects unloaded after import = 2

========================================================================
Received Import Request.
  Time since last request: 51.810272 seconds.
  path: Assets/MinimalPolyFree/Materials/MP_Male_A1_Tops_Jacket1_navy.mat
  artifactKey: Guid(cc8eb4bbeb724214fb023d0c146d854f) Importer(2089858483,b0f066a214c2f5e87bad3c948f4d605d)
Start importing Assets/MinimalPolyFree/Materials/MP_Male_A1_Tops_Jacket1_navy.mat using Guid(cc8eb4bbeb724214fb023d0c146d854f) Importer(2089858483,b0f066a214c2f5e87bad3c948f4d605d) (ScriptedImporter) -> (artifact id: '69cafecd64ad984f6a7ad7d2ab5aa90b') in 0.0060098 seconds
Number of updated asset objects reloaded before import = 0Number of asset objects unloaded after import = 2

========================================================================
Received Import Request.
  Time since last request: 7.490874 seconds.
  path: Assets/MinimalPolyFree/Materials/MP_Male_A1_Bottoms_100_navy.mat
  artifactKey: Guid(51b56b9cc8680c745bbfe783653b51e6) Importer(2089858483,b0f066a214c2f5e87bad3c948f4d605d)
Start importing Assets/MinimalPolyFree/Materials/MP_Male_A1_Bottoms_100_navy.mat using Guid(51b56b9cc8680c745bbfe783653b51e6) Importer(2089858483,b0f066a214c2f5e87bad3c948f4d605d) (ScriptedImporter) -> (artifact id: '22cd6749671cd06e21cd465e4234b048') in 0.0062424 seconds
Number of updated asset objects reloaded before import = 0Number of asset objects unloaded after import = 2

========================================================================
Received Import Request.
  Time since last request: 29.851802 seconds.
  path: Assets/MinimalPolyFree/Materials/Shoes_Type1_gray.mat
  artifactKey: Guid(6962cc432c741b044ad23e6f4b6b858f) Importer(2089858483,b0f066a214c2f5e87bad3c948f4d605d)
Start importing Assets/MinimalPolyFree/Materials/Shoes_Type1_gray.mat using Guid(6962cc432c741b044ad23e6f4b6b858f) Importer(2089858483,b0f066a214c2f5e87bad3c948f4d605d) (ScriptedImporter) -> (artifact id: 'a872278f818902f8c3f70b1f803feef2') in 0.006662 seconds
Number of updated asset objects reloaded before import = 0Number of asset objects unloaded after import = 2

========================================================================
Received Prepare
Begin MonoManager ReloadAssembly
[Licensing::Client] Successfully resolved entitlement details
- Loaded All Assemblies, in  0.634 seconds
Refreshing native plugins compatible for Editor in 1.33 ms, found 3 plugins.
Native extension for WindowsStandalone target not found
Native extension for WebGL target not found
[Package Manager] Failed to launch server process. Reason: Unity was launched with the -noUpm command-line argument
[Package Manager] Unable to send message (not connected to server process).
[Package Manager] Cannot connect to Unity Package Manager local server
Mono: successfully reloaded assembly
- Finished resetting the current domain, in  0.914 seconds
Domain Reload Profiling: 1547ms
	BeginReloadAssembly (203ms)
		ExecutionOrderSort (0ms)
		DisableScriptedObjects (5ms)
		BackupInstance (0ms)
		ReleaseScriptingObjects (0ms)
		CreateAndSetChildDomain (53ms)
	RebuildCommonClasses (43ms)
	RebuildNativeTypeToScriptingClass (12ms)
	initialDomainReloadingComplete (27ms)
	LoadAllAssembliesAndSetupDomain (347ms)
		LoadAssemblies (293ms)
		RebuildTransferFunctionScriptingTraits (0ms)
		AnalyzeDomain (149ms)
			TypeCache.Refresh (7ms)
				TypeCache.ScanAssembly (0ms)
			BuildScriptInfoCaches (133ms)
			ResolveRequiredComponents (5ms)
	FinalizeReload (915ms)
		ReleaseScriptCaches (0ms)
		RebuildScriptCaches (0ms)
		SetupLoadedEditorAssemblies (745ms)
			LogAssemblyErrors (0ms)
			InitializePlatformSupportModulesInManaged (3ms)
			SetLoadedEditorAssemblies (5ms)
			BeforeProcessingInitializeOnLoad (145ms)
			ProcessInitializeOnLoadAttributes (492ms)
			ProcessInitializeOnLoadMethodAttributes (85ms)
			AfterProcessingInitializeOnLoad (15ms)
			EditorAssembliesLoaded (1ms)
		ExecutionOrderSort2 (0ms)
		AwakeInstancesAfterBackupRestoration (17ms)
Refreshing native plugins compatible for Editor in 2.11 ms, found 3 plugins.
Preloading 0 native plugins for Editor in 0.00 ms.
Unloading 0 Unused Serialized files (Serialized files now loaded: 0)
Unloading 3857 unused Assets / (1.0 MB). Loaded Objects now: 4493.
Memory consumption went from 101.5 MB to 100.5 MB.
Total: 15.458300 ms (FindLiveObjects: 1.081700 ms CreateObjectMapping: 0.626000 ms MarkObjects: 11.559600 ms  DeleteObjects: 2.188200 ms)

Prepare: number of updated asset objects reloaded= 0
========================================================================
Received Import Request.
  Time since last request: 45.502175 seconds.
  path: Assets/MinimalPolyFree/Materials/Glasses 1.mat
  artifactKey: Guid(bd73bcf9b18d48f4a9856a896b1cf247) Importer(2089858483,b0f066a214c2f5e87bad3c948f4d605d)
Start importing Assets/MinimalPolyFree/Materials/Glasses 1.mat using Guid(bd73bcf9b18d48f4a9856a896b1cf247) Importer(2089858483,b0f066a214c2f5e87bad3c948f4d605d) (ScriptedImporter) -> (artifact id: 'aa3aafb6f651a7657eb9501827a87901') in 0.0864034 seconds
Number of updated asset objects reloaded before import = 0Number of asset objects unloaded after import = 2

========================================================================
Received Import Request.
  Time since last request: 21.519653 seconds.
  path: Assets/MinimalPolyFree/Materials/Hair 1.mat
  artifactKey: Guid(e427c666b6f31174dba22a5ce77e397e) Importer(2089858483,b0f066a214c2f5e87bad3c948f4d605d)
Start importing Assets/MinimalPolyFree/Materials/Hair 1.mat using Guid(e427c666b6f31174dba22a5ce77e397e) Importer(2089858483,b0f066a214c2f5e87bad3c948f4d605d) (ScriptedImporter) -> (artifact id: '771503824110f3d8972bee83ce01ac2c') in 0.0058766 seconds
Number of updated asset objects reloaded before import = 0Number of asset objects unloaded after import = 2

========================================================================
Received Import Request.
  Time since last request: 6.374340 seconds.
  path: Assets/MinimalPolyFree/Materials/Glasses 2.mat
  artifactKey: Guid(565dd0362ab0f33409ca922bc791d92f) Importer(2089858483,b0f066a214c2f5e87bad3c948f4d605d)
Start importing Assets/MinimalPolyFree/Materials/Glasses 2.mat using Guid(565dd0362ab0f33409ca922bc791d92f) Importer(2089858483,b0f066a214c2f5e87bad3c948f4d605d) (ScriptedImporter) -> (artifact id: '3f9fd58f19c0479c83d07dee22a20a9e') in 0.0063125 seconds
Number of updated asset objects reloaded before import = 0Number of asset objects unloaded after import = 2

========================================================================
Received Import Request.
  Time since last request: 17.014101 seconds.
  path: Assets/MinimalPolyFree/Materials/Mouth_Type1_F2.mat
  artifactKey: Guid(55d20772243e98642bfa2d98dacc9e7f) Importer(2089858483,b0f066a214c2f5e87bad3c948f4d605d)
Start importing Assets/MinimalPolyFree/Materials/Mouth_Type1_F2.mat using Guid(55d20772243e98642bfa2d98dacc9e7f) Importer(2089858483,b0f066a214c2f5e87bad3c948f4d605d) (ScriptedImporter) -> (artifact id: 'ae00afefe586dbaee04c3a4065e59d9f') in 0.0048539 seconds
Number of updated asset objects reloaded before import = 0Number of asset objects unloaded after import = 2

========================================================================
Received Import Request.
  Time since last request: 59.923415 seconds.
  path: Assets/MinimalPolyFree/Materials/Eye_Type1_M1_S2.mat
  artifactKey: Guid(8a0223c785e6c7944b7fe2f250442ff8) Importer(2089858483,b0f066a214c2f5e87bad3c948f4d605d)
Start importing Assets/MinimalPolyFree/Materials/Eye_Type1_M1_S2.mat using Guid(8a0223c785e6c7944b7fe2f250442ff8) Importer(2089858483,b0f066a214c2f5e87bad3c948f4d605d) (ScriptedImporter) -> (artifact id: 'b626124d598892a8e35a6dcaca9de9c4') in 0.0066503 seconds
Number of updated asset objects reloaded before import = 0Number of asset objects unloaded after import = 2

========================================================================
Received Import Request.
  Time since last request: 8.249394 seconds.
  path: Assets/MinimalPolyFree/Materials/Eye_Type1_M2_S2.mat
  artifactKey: Guid(1dcaaa8c28b02684484f4089eba372c9) Importer(2089858483,b0f066a214c2f5e87bad3c948f4d605d)
Start importing Assets/MinimalPolyFree/Materials/Eye_Type1_M2_S2.mat using Guid(1dcaaa8c28b02684484f4089eba372c9) Importer(2089858483,b0f066a214c2f5e87bad3c948f4d605d) (ScriptedImporter) -> (artifact id: 'aeb8a77e61797810dc0702b26b9696d0') in 0.0054176 seconds
Number of updated asset objects reloaded before import = 0Number of asset objects unloaded after import = 2

========================================================================
Received Prepare
Begin MonoManager ReloadAssembly
[Licensing::Client] Successfully resolved entitlement details
- Loaded All Assemblies, in  0.649 seconds
Refreshing native plugins compatible for Editor in 0.93 ms, found 3 plugins.
Native extension for WindowsStandalone target not found
Native extension for WebGL target not found
[Package Manager] Failed to launch server process. Reason: Unity was launched with the -noUpm command-line argument
[Package Manager] Unable to send message (not connected to server process).
[Package Manager] Cannot connect to Unity Package Manager local server
Mono: successfully reloaded assembly
- Finished resetting the current domain, in  1.346 seconds
Domain Reload Profiling: 1994ms
	BeginReloadAssembly (209ms)
		ExecutionOrderSort (0ms)
		DisableScriptedObjects (6ms)
		BackupInstance (0ms)
		ReleaseScriptingObjects (0ms)
		CreateAndSetChildDomain (52ms)
	RebuildCommonClasses (40ms)
	RebuildNativeTypeToScriptingClass (12ms)
	initialDomainReloadingComplete (29ms)
	LoadAllAssembliesAndSetupDomain (357ms)
		LoadAssemblies (306ms)
		RebuildTransferFunctionScriptingTraits (0ms)
		AnalyzeDomain (153ms)
			TypeCache.Refresh (7ms)
				TypeCache.ScanAssembly (0ms)
			BuildScriptInfoCaches (136ms)
			ResolveRequiredComponents (5ms)
	FinalizeReload (1347ms)
		ReleaseScriptCaches (0ms)
		RebuildScriptCaches (0ms)
		SetupLoadedEditorAssemblies (1152ms)
			LogAssemblyErrors (0ms)
			InitializePlatformSupportModulesInManaged (4ms)
			SetLoadedEditorAssemblies (5ms)
			BeforeProcessingInitializeOnLoad (258ms)
			ProcessInitializeOnLoadAttributes (770ms)
			ProcessInitializeOnLoadMethodAttributes (93ms)
			AfterProcessingInitializeOnLoad (22ms)
			EditorAssembliesLoaded (1ms)
		ExecutionOrderSort2 (0ms)
		AwakeInstancesAfterBackupRestoration (23ms)
Refreshing native plugins compatible for Editor in 2.99 ms, found 3 plugins.
Preloading 0 native plugins for Editor in 0.00 ms.
Unloading 0 Unused Serialized files (Serialized files now loaded: 0)
Unloading 3857 unused Assets / (1.3 MB). Loaded Objects now: 4494.
Memory consumption went from 101.5 MB to 100.2 MB.
Total: 21.572200 ms (FindLiveObjects: 0.955400 ms CreateObjectMapping: 1.142800 ms MarkObjects: 16.062400 ms  DeleteObjects: 3.407500 ms)

Prepare: number of updated asset objects reloaded= 0
========================================================================
Received Import Request.
  Time since last request: 84.377190 seconds.
  path: Assets/MinimalPolyFree/Prefabs/MP_Male_A1F Man.prefab
  artifactKey: Guid(087c658005d534e9d820022711ea696d) Importer(815301076,1909f56bfc062723c751e8b465ee728b)
Start importing Assets/MinimalPolyFree/Prefabs/MP_Male_A1F Man.prefab using Guid(087c658005d534e9d820022711ea696d) Importer(815301076,1909f56bfc062723c751e8b465ee728b) (PreviewImporter) -> (artifact id: '557d7fb54f83bee25b1a8ce45076970e') in 0.1000259 seconds
Number of updated asset objects reloaded before import = 0Number of asset objects unloaded after import = 240

========================================================================
Received Import Request.
  Time since last request: 1.348398 seconds.
  path: Assets/MinimalPolyFree/Prefabs/Glasses/Sunglasses2.prefab
  artifactKey: Guid(2c832989f8f2e4d66b3f7547532c368c) Importer(815301076,1909f56bfc062723c751e8b465ee728b)
Start importing Assets/MinimalPolyFree/Prefabs/Glasses/Sunglasses2.prefab using Guid(2c832989f8f2e4d66b3f7547532c368c) Importer(815301076,1909f56bfc062723c751e8b465ee728b) (PreviewImporter) -> (artifact id: '7f36bfb24c05ce7163c904fbd12b13ec') in 0.0241418 seconds
Number of updated asset objects reloaded before import = 0Number of asset objects unloaded after import = 16

========================================================================
Received Import Request.
  Time since last request: 6.126279 seconds.
  path: Assets/MinimalPolyFree/Materials/Eye_Type1_F2_S2.mat
  artifactKey: Guid(ec5070c9c037379439c62154e60fc047) Importer(815301076,1909f56bfc062723c751e8b465ee728b)
Start importing Assets/MinimalPolyFree/Materials/Eye_Type1_F2_S2.mat using Guid(ec5070c9c037379439c62154e60fc047) Importer(815301076,1909f56bfc062723c751e8b465ee728b) (PreviewImporter) -> (artifact id: '26a5c1db0117b2748c25788d90512555') in 0.0237198 seconds
Number of updated asset objects reloaded before import = 0Number of asset objects unloaded after import = 2

========================================================================
Received Import Request.
  Time since last request: 0.020903 seconds.
  path: Assets/MinimalPolyFree/Materials/Glasses 1.mat
  artifactKey: Guid(bd73bcf9b18d48f4a9856a896b1cf247) Importer(815301076,1909f56bfc062723c751e8b465ee728b)
Start importing Assets/MinimalPolyFree/Materials/Glasses 1.mat using Guid(bd73bcf9b18d48f4a9856a896b1cf247) Importer(815301076,1909f56bfc062723c751e8b465ee728b) (PreviewImporter) -> (artifact id: '80b8170895650c714bddafda939eedbe') in 0.0081022 seconds
Number of updated asset objects reloaded before import = 0Number of asset objects unloaded after import = 2

========================================================================
Received Import Request.
  Time since last request: 0.034320 seconds.
  path: Assets/MinimalPolyFree/Materials/Hair.mat
  artifactKey: Guid(f39f0d7750e9f4ecebe1814a5214dbf0) Importer(815301076,1909f56bfc062723c751e8b465ee728b)
Start importing Assets/MinimalPolyFree/Materials/Hair.mat using Guid(f39f0d7750e9f4ecebe1814a5214dbf0) Importer(815301076,1909f56bfc062723c751e8b465ee728b) (PreviewImporter) -> (artifact id: 'b2b1911aad4a54aa4309b2f7d6ed8b39') in 0.0067813 seconds
Number of updated asset objects reloaded before import = 0Number of asset objects unloaded after import = 1

========================================================================
Received Import Request.
  Time since last request: 0.000025 seconds.
  path: Assets/MinimalPolyFree/Materials/Mouth_Type1_F2.mat
  artifactKey: Guid(55d20772243e98642bfa2d98dacc9e7f) Importer(815301076,1909f56bfc062723c751e8b465ee728b)
Start importing Assets/MinimalPolyFree/Materials/Mouth_Type1_F2.mat using Guid(55d20772243e98642bfa2d98dacc9e7f) Importer(815301076,1909f56bfc062723c751e8b465ee728b) (PreviewImporter) -> (artifact id: 'dc938eeac879c10fa0702aa13a76f314') in 0.0095202 seconds
Number of updated asset objects reloaded before import = 0Number of asset objects unloaded after import = 2

========================================================================
Received Import Request.
  Time since last request: 0.000038 seconds.
  path: Assets/MinimalPolyFree/Materials/Ground.mat
  artifactKey: Guid(ecd6a78a9228c48ffbee26dc6923cc55) Importer(815301076,1909f56bfc062723c751e8b465ee728b)
Start importing Assets/MinimalPolyFree/Materials/Ground.mat using Guid(ecd6a78a9228c48ffbee26dc6923cc55) Importer(815301076,1909f56bfc062723c751e8b465ee728b) (PreviewImporter) -> (artifact id: '537829619465620d6a6bd67e47295806') in 0.0082642 seconds
Number of updated asset objects reloaded before import = 0Number of asset objects unloaded after import = 1

========================================================================
Received Import Request.
  Time since last request: 0.000020 seconds.
  path: Assets/MinimalPolyFree/Materials/HeadBody_Male_A1_EB1_S2.mat
  artifactKey: Guid(148ad103964022448b0780e006c3fdd5) Importer(815301076,1909f56bfc062723c751e8b465ee728b)
Start importing Assets/MinimalPolyFree/Materials/HeadBody_Male_A1_EB1_S2.mat using Guid(148ad103964022448b0780e006c3fdd5) Importer(815301076,1909f56bfc062723c751e8b465ee728b) (PreviewImporter) -> (artifact id: '9322e8f13e5bba305051ea756130a4f2') in 0.0104093 seconds
Number of updated asset objects reloaded before import = 0Number of asset objects unloaded after import = 2

========================================================================
Received Import Request.
  Time since last request: 0.000026 seconds.
  path: Assets/MinimalPolyFree/Materials/Shoes_Type1_gray.mat
  artifactKey: Guid(6962cc432c741b044ad23e6f4b6b858f) Importer(815301076,1909f56bfc062723c751e8b465ee728b)
Start importing Assets/MinimalPolyFree/Materials/Shoes_Type1_gray.mat using Guid(6962cc432c741b044ad23e6f4b6b858f) Importer(815301076,1909f56bfc062723c751e8b465ee728b) (PreviewImporter) -> (artifact id: 'c24f585899babf3bcbdca85b8f63c67d') in 0.0111969 seconds
Number of updated asset objects reloaded before import = 0Number of asset objects unloaded after import = 2

========================================================================
Received Import Request.
  Time since last request: 0.000019 seconds.
  path: Assets/MinimalPolyFree/Materials/MP_Male_A1_Tops_Jacket1_navy.mat
  artifactKey: Guid(cc8eb4bbeb724214fb023d0c146d854f) Importer(815301076,1909f56bfc062723c751e8b465ee728b)
Start importing Assets/MinimalPolyFree/Materials/MP_Male_A1_Tops_Jacket1_navy.mat using Guid(cc8eb4bbeb724214fb023d0c146d854f) Importer(815301076,1909f56bfc062723c751e8b465ee728b) (PreviewImporter) -> (artifact id: '3a8ea7b51bf77b47b8ef5926c5127509') in 0.0094783 seconds
Number of updated asset objects reloaded before import = 0Number of asset objects unloaded after import = 2

========================================================================
Received Import Request.
  Time since last request: 0.000023 seconds.
  path: Assets/MinimalPolyFree/Materials/Eye_Type1_M2_S2.mat
  artifactKey: Guid(1dcaaa8c28b02684484f4089eba372c9) Importer(815301076,1909f56bfc062723c751e8b465ee728b)
Start importing Assets/MinimalPolyFree/Materials/Eye_Type1_M2_S2.mat using Guid(1dcaaa8c28b02684484f4089eba372c9) Importer(815301076,1909f56bfc062723c751e8b465ee728b) (PreviewImporter) -> (artifact id: '2b8bb1aec30a82103123db2627f4a2e5') in 0.0127451 seconds
Number of updated asset objects reloaded before import = 0Number of asset objects unloaded after import = 2

Editor requested this worker to shutdown with reason: Scaling down because of idle timeout
AssetImportWorker is now disconnected from the server
Process exiting
Exiting without the bug reporter. Application will terminate with return code 0