[Licensing::Module] Trying to connect to existing licensing client channel...
Built from '6000.3/staging' branch; Version is '6000.3.2f1 (a9779f353c9b) revision 11106207'; Using compiler version '194234433'; Build Type 'Release'
OS: 'Windows 11  (10.0.26200) 64bit Core' Language: 'en' Physical Memory: 40723 MB
BatchMode: 1, IsHumanControllingUs: 0, StartBugReporterOnCrash: 0, Is64bit: 1
Date: 2026-01-17T09:22:23Z
[Licensing::IpcConnector] Successfully connected to: "LicenseClient-Lye Hong Ann" at "2026-01-17T09:22:23.1538297Z"

COMMAND LINE ARGUMENTS:
C:\Program Files\Unity\Hub\Editor\6000.3.2f1\Editor\Unity.exe
-adb2
-batchMode
-noUpm
-name
AssetImportWorker2
-projectPath
C:/Users/Lye Hong Ann/Documents/TP Stuff/Major-Project/Major-Project
-logFile
Logs/AssetImportWorker2.log
-srvPort
51371
-licensingIpc
LicenseClient-Lye Hong Ann
-job-worker-count
7
-background-job-worker-count
8
-gc-helper-count
1
-name
AssetImport
Successfully changed project path to: C:/Users/Lye Hong Ann/Documents/TP Stuff/Major-Project/Major-Project
C:/Users/Lye Hong Ann/Documents/TP Stuff/Major-Project/Major-Project
[UnityMemory] Configuration Parameters - Can be set up in boot.config
    "memorysetup-temp-allocator-size-nav-mesh-worker=65536"
    "memorysetup-temp-allocator-size-audio-worker=65536"
    "memorysetup-temp-allocator-size-gfx=262144"
    "memorysetup-allocator-temp-initial-block-size-main=262144"
    "memorysetup-allocator-temp-initial-block-size-worker=262144"
    "memorysetup-temp-allocator-size-background-worker=32768"
    "memorysetup-temp-allocator-size-job-worker=262144"
    "memorysetup-temp-allocator-size-preload-manager=33554432"
    "memorysetup-temp-allocator-size-gi-baking-worker=262144"
    "memorysetup-temp-allocator-size-gi-baking-worker=262144"
    "memorysetup-temp-allocator-size-gi-baking-worker=262144"
    "memorysetup-temp-allocator-size-gi-baking-worker=262144"
    "memorysetup-temp-allocator-size-gi-baking-worker=262144"
    "memorysetup-bucket-allocator-granularity=16"
    "memorysetup-bucket-allocator-bucket-count=8"
    "memorysetup-bucket-allocator-block-size=33554432"
    "memorysetup-bucket-allocator-block-count=8"
    "memorysetup-main-allocator-block-size=16777216"
    "memorysetup-thread-allocator-block-size=16777216"
    "memorysetup-gfx-main-allocator-block-size=16777216"
    "memorysetup-gfx-thread-allocator-block-size=16777216"
    "memorysetup-cache-allocator-block-size=4194304"
    "memorysetup-typetree-allocator-block-size=2097152"
    "memorysetup-profiler-bucket-allocator-granularity=16"
    "memorysetup-profiler-bucket-allocator-bucket-count=8"
    "memorysetup-profiler-bucket-allocator-block-size=33554432"
    "memorysetup-profiler-bucket-allocator-block-count=8"
    "memorysetup-profiler-allocator-block-size=16777216"
    "memorysetup-profiler-editor-allocator-block-size=1048576"
    "memorysetup-temp-allocator-size-main=16777216"
    "memorysetup-job-temp-allocator-block-size=2097152"
    "memorysetup-job-temp-allocator-block-size-background=1048576"
    "memorysetup-job-temp-allocator-reduction-small-platforms=262144"
    "memorysetup-temp-allocator-size-cloud-worker=32768"
Player connection [11172]  Target information:

Player connection [11172]  * "[IP] 192.168.35.1 [Port] 0 [Flags] 2 [Guid] 1139214586 [EditorId] 1139214586 [Version] 1048832 [Id] WindowsEditor(7,DESKTOP-VO9RTEO) [Debug] 1 [PackageName] WindowsEditor [ProjectName] Editor" 

Player connection [11172]  * "[IP] 192.168.86.1 [Port] 0 [Flags] 2 [Guid] 1139214586 [EditorId] 1139214586 [Version] 1048832 [Id] WindowsEditor(7,DESKTOP-VO9RTEO) [Debug] 1 [PackageName] WindowsEditor [ProjectName] Editor" 

Player connection [11172]  * "[IP] 192.168.225.1 [Port] 0 [Flags] 2 [Guid] 1139214586 [EditorId] 1139214586 [Version] 1048832 [Id] WindowsEditor(7,DESKTOP-VO9RTEO) [Debug] 1 [PackageName] WindowsEditor [ProjectName] Editor" 

Player connection [11172]  * "[IP] 192.168.101.1 [Port] 0 [Flags] 2 [Guid] 1139214586 [EditorId] 1139214586 [Version] 1048832 [Id] WindowsEditor(7,DESKTOP-VO9RTEO) [Debug] 1 [PackageName] WindowsEditor [ProjectName] Editor" 

Player connection [11172]  * "[IP] 192.168.56.1 [Port] 0 [Flags] 2 [Guid] 1139214586 [EditorId] 1139214586 [Version] 1048832 [Id] WindowsEditor(7,DESKTOP-VO9RTEO) [Debug] 1 [PackageName] WindowsEditor [ProjectName] Editor" 

Player connection [11172]  * "[IP] 192.168.86.27 [Port] 0 [Flags] 2 [Guid] 1139214586 [EditorId] 1139214586 [Version] 1048832 [Id] WindowsEditor(7,DESKTOP-VO9RTEO) [Debug] 1 [PackageName] WindowsEditor [ProjectName] Editor" 

Player connection [11172] Host joined multi-casting on [225.0.0.222:54997]...
Player connection [11172] Host joined alternative multi-casting on [225.0.0.222:34997]...
JobSystem: Creating JobQueue using job-worker-count value 7
Input System module state changed to: Initialized.
[Physics::Module] Initialized fallback backend.
[Physics::Module] Id: 0xdecafbad
Library Redirect Path: Library/
[Physics::Module] Selected backend.
[Physics::Module] Name: PhysX
[Physics::Module] Id: 0xf2b8ea05
[Physics::Module] SDK Version: 4.1.2
[Physics::Module] Integration Version: 1.0.0
[Physics::Module] Threading Mode: Multi-Threaded
Refreshing native plugins compatible for Editor in 2.28 ms, found 3 plugins.
Preloading 0 native plugins for Editor in 0.00 ms.
Initialize engine version: 6000.3.2f1 (a9779f353c9b)
[Subsystems] Discovering subsystems at path C:/Program Files/Unity/Hub/Editor/6000.3.2f1/Editor/Data/Resources/UnitySubsystems
[Subsystems] Discovering subsystems at path C:/Users/Lye Hong Ann/Documents/TP Stuff/Major-Project/Major-Project/Assets
GfxDevice: creating device client; kGfxThreadingModeNonThreaded
Direct3D:
    Version:  Direct3D 11.0 [level 11.1]
    Renderer: NVIDIA GeForce GTX 1650 (ID=0x1f9d)
    Vendor:   NVIDIA
    VRAM:     3962 MB
    Driver:   27.21.14.6262
Initialize mono
Mono path[0] = 'C:/Program Files/Unity/Hub/Editor/6000.3.2f1/Editor/Data/Managed'
Mono path[1] = 'C:/Program Files/Unity/Hub/Editor/6000.3.2f1/Editor/Data/MonoBleedingEdge/lib/mono/unityjit-win32'
Mono config path = 'C:/Program Files/Unity/Hub/Editor/6000.3.2f1/Editor/Data/MonoBleedingEdge/etc'
Using monoOptions --debugger-agent=transport=dt_socket,embedding=1,server=y,suspend=n,address=127.0.0.1:56480
Begin MonoManager ReloadAssembly
Registering precompiled unity dll's ...
Register platform support module: C:/Program Files/Unity/Hub/Editor/6000.3.2f1/Editor/Data/PlaybackEngines/WebGLSupport/UnityEditor.WebGL.Extensions.dll
Register platform support module: C:/Program Files/Unity/Hub/Editor/6000.3.2f1/Editor/Data/PlaybackEngines/WindowsStandaloneSupport/UnityEditor.WindowsStandalone.Extensions.dll
Registered in 0.002212 seconds.
[Licensing::Client] Handshaking with LicensingClient:
  Version:                 1.17.4+4293ba1
  Session Id:              4df9c7f775834854818794e89aa8f30f
  Correlation Id:          42d690490ae15c902d3430fbf8ce5308
  External correlation Id: 3091276478426102821
  Machine Id:              d8qaINWnIOy0sUuiXn0ummexNz4=
[Licensing::Module] Successfully connected to LicensingClient on channel: "LicenseClient-Lye Hong Ann" (connect: 0.00s, validation: 0.00s, handshake: 0.78s)
[Licensing::IpcConnector] Successfully connected to: "LicenseClient-Lye Hong Ann-notifications" at "2026-01-17T09:22:23.9304989Z"
[Licensing::Module] Licensing Background thread has ended after 0.78s
- Loaded All Assemblies, in  0.389 seconds
Native extension for WindowsStandalone target not found
Native extension for WebGL target not found
Mono: successfully reloaded assembly
- Finished resetting the current domain, in  0.361 seconds
Domain Reload Profiling: 748ms
	BeginReloadAssembly (127ms)
		ExecutionOrderSort (0ms)
		DisableScriptedObjects (0ms)
		BackupInstance (0ms)
		ReleaseScriptingObjects (0ms)
		CreateAndSetChildDomain (1ms)
	RebuildCommonClasses (42ms)
	RebuildNativeTypeToScriptingClass (14ms)
	initialDomainReloadingComplete (45ms)
	LoadAllAssembliesAndSetupDomain (158ms)
		LoadAssemblies (124ms)
		RebuildTransferFunctionScriptingTraits (0ms)
		AnalyzeDomain (156ms)
			TypeCache.Refresh (153ms)
				TypeCache.ScanAssembly (140ms)
			BuildScriptInfoCaches (0ms)
			ResolveRequiredComponents (0ms)
	FinalizeReload (362ms)
		ReleaseScriptCaches (0ms)
		RebuildScriptCaches (0ms)
		SetupLoadedEditorAssemblies (323ms)
			LogAssemblyErrors (0ms)
			InitializePlatformSupportModulesInManaged (47ms)
			SetLoadedEditorAssemblies (4ms)
			BeforeProcessingInitializeOnLoad (75ms)
			ProcessInitializeOnLoadAttributes (124ms)
			ProcessInitializeOnLoadMethodAttributes (72ms)
			AfterProcessingInitializeOnLoad (0ms)
			EditorAssembliesLoaded (0ms)
		ExecutionOrderSort2 (0ms)
		AwakeInstancesAfterBackupRestoration (0ms)
========================================================================
Worker process is ready to serve import requests
Import Worker Mode flag is 0x00
Begin MonoManager ReloadAssembly
[Licensing::Client] Successfully resolved entitlement details
[Licensing::Module] License group:
  Id: 18968360312148-UnityPersXXXX
  Product: Unity Personal
  Type: Assigned
  Expiration: Unlimited
- Loaded All Assemblies, in  0.616 seconds
Refreshing native plugins compatible for Editor in 1.21 ms, found 3 plugins.
Native extension for WindowsStandalone target not found
Native extension for WebGL target not found
Package Manager log level set to [2]
[Package Manager] Failed to launch server process. Reason: Unity was launched with the -noUpm command-line argument
[Package Manager] Unable to send message (not connected to server process).
[Package Manager] Cannot connect to Unity Package Manager local server
Mono: successfully reloaded assembly
- Finished resetting the current domain, in  0.569 seconds
Domain Reload Profiling: 1182ms
	BeginReloadAssembly (179ms)
		ExecutionOrderSort (0ms)
		DisableScriptedObjects (5ms)
		BackupInstance (0ms)
		ReleaseScriptingObjects (0ms)
		CreateAndSetChildDomain (42ms)
	RebuildCommonClasses (34ms)
	RebuildNativeTypeToScriptingClass (12ms)
	initialDomainReloadingComplete (32ms)
	LoadAllAssembliesAndSetupDomain (356ms)
		LoadAssemblies (273ms)
		RebuildTransferFunctionScriptingTraits (0ms)
		AnalyzeDomain (173ms)
			TypeCache.Refresh (129ms)
				TypeCache.ScanAssembly (115ms)
			BuildScriptInfoCaches (33ms)
			ResolveRequiredComponents (6ms)
	FinalizeReload (570ms)
		ReleaseScriptCaches (0ms)
		RebuildScriptCaches (0ms)
		SetupLoadedEditorAssemblies (452ms)
			LogAssemblyErrors (0ms)
			InitializePlatformSupportModulesInManaged (2ms)
			SetLoadedEditorAssemblies (3ms)
			BeforeProcessingInitializeOnLoad (110ms)
			ProcessInitializeOnLoadAttributes (281ms)
			ProcessInitializeOnLoadMethodAttributes (50ms)
			AfterProcessingInitializeOnLoad (7ms)
			EditorAssembliesLoaded (0ms)
		ExecutionOrderSort2 (0ms)
		AwakeInstancesAfterBackupRestoration (7ms)
Launched and connected shader compiler UnityShaderCompiler.exe after 0.01 seconds
Refreshing native plugins compatible for Editor in 0.86 ms, found 3 plugins.
Preloading 0 native plugins for Editor in 0.00 ms.
Unloading 0 Unused Serialized files (Serialized files now loaded: 0)
Unloading 3897 unused Assets / (1.2 MB). Loaded Objects now: 4520.
Memory consumption went from 94.2 MB to 93.1 MB.
Total: 7.344000 ms (FindLiveObjects: 0.424900 ms CreateObjectMapping: 0.267900 ms MarkObjects: 5.197700 ms  DeleteObjects: 1.452400 ms)

========================================================================
Received Import Request.
  Time since last request: 6856.104560 seconds.
  path: Assets/Prefabs/Player Variant.prefab
  artifactKey: Guid(95011c97dcd6013418651ec2c0aea1f2) Importer(815301076,1909f56bfc062723c751e8b465ee728b)
Start importing Assets/Prefabs/Player Variant.prefab using Guid(95011c97dcd6013418651ec2c0aea1f2) Importer(815301076,1909f56bfc062723c751e8b465ee728b) (PreviewImporter) -> (artifact id: '313fba9e5f506aab9d15409207f170fb') in 0.1405162 seconds
Number of updated asset objects reloaded before import = 0Number of asset objects unloaded after import = 440

========================================================================
Received Import Request.
  Time since last request: 1.064882 seconds.
  path: Assets/Prefabs/Player Variant.prefab
  artifactKey: Guid(95011c97dcd6013418651ec2c0aea1f2) Importer(815301076,1909f56bfc062723c751e8b465ee728b)
Start importing Assets/Prefabs/Player Variant.prefab using Guid(95011c97dcd6013418651ec2c0aea1f2) Importer(815301076,1909f56bfc062723c751e8b465ee728b) (PreviewImporter) -> (artifact id: 'c862bfe1577c875e338a30e249973d39') in 0.0373378 seconds
Number of updated asset objects reloaded before import = 0Number of asset objects unloaded after import = 440

========================================================================
Received Import Request.
  Time since last request: 4.942117 seconds.
  path: Assets/Prefabs/Player Variant.prefab
  artifactKey: Guid(95011c97dcd6013418651ec2c0aea1f2) Importer(815301076,1909f56bfc062723c751e8b465ee728b)
Start importing Assets/Prefabs/Player Variant.prefab using Guid(95011c97dcd6013418651ec2c0aea1f2) Importer(815301076,1909f56bfc062723c751e8b465ee728b) (PreviewImporter) -> (artifact id: '7965f2bb14d979863e29ec65ac460941') in 0.0403989 seconds
Number of updated asset objects reloaded before import = 0Number of asset objects unloaded after import = 440

========================================================================
Received Import Request.
  Time since last request: 0.822829 seconds.
  path: Assets/Prefabs/Player Variant.prefab
  artifactKey: Guid(95011c97dcd6013418651ec2c0aea1f2) Importer(815301076,1909f56bfc062723c751e8b465ee728b)
Start importing Assets/Prefabs/Player Variant.prefab using Guid(95011c97dcd6013418651ec2c0aea1f2) Importer(815301076,1909f56bfc062723c751e8b465ee728b) (PreviewImporter) -> (artifact id: 'd58bf1378c4a3d65d7690b6b5405cc39') in 0.0377164 seconds
Number of updated asset objects reloaded before import = 0Number of asset objects unloaded after import = 440

========================================================================
Received Import Request.
  Time since last request: 1.258813 seconds.
  path: Assets/Prefabs/Player Variant.prefab
  artifactKey: Guid(95011c97dcd6013418651ec2c0aea1f2) Importer(815301076,1909f56bfc062723c751e8b465ee728b)
Start importing Assets/Prefabs/Player Variant.prefab using Guid(95011c97dcd6013418651ec2c0aea1f2) Importer(815301076,1909f56bfc062723c751e8b465ee728b) (PreviewImporter) -> (artifact id: 'b5fee9fea47c366e7039e2fca7710596') in 0.0319586 seconds
Number of updated asset objects reloaded before import = 0Number of asset objects unloaded after import = 440

========================================================================
Received Prepare
Refreshing native plugins compatible for Editor in 1.05 ms, found 3 plugins.
Preloading 0 native plugins for Editor in 0.00 ms.
Unloading 0 Unused Serialized files (Serialized files now loaded: 0)
Unloading 3890 unused Assets / (1.1 MB). Loaded Objects now: 4531.
Memory consumption went from 101.5 MB to 100.3 MB.
Total: 12.708400 ms (FindLiveObjects: 2.137000 ms CreateObjectMapping: 0.935800 ms MarkObjects: 7.744100 ms  DeleteObjects: 1.889800 ms)

Prepare: number of updated asset objects reloaded= 0
========================================================================
Received Import Request.
  Time since last request: 81.237129 seconds.
  path: Assets/Prefabs/Player Variant.prefab
  artifactKey: Guid(95011c97dcd6013418651ec2c0aea1f2) Importer(815301076,1909f56bfc062723c751e8b465ee728b)
Start importing Assets/Prefabs/Player Variant.prefab using Guid(95011c97dcd6013418651ec2c0aea1f2) Importer(815301076,1909f56bfc062723c751e8b465ee728b) (PreviewImporter) -> (artifact id: '7141c26c593a545875c2303382303e14') in 0.0422908 seconds
Number of updated asset objects reloaded before import = 0Number of asset objects unloaded after import = 440

========================================================================
Received Prepare
Refreshing native plugins compatible for Editor in 1.22 ms, found 3 plugins.
Preloading 0 native plugins for Editor in 0.00 ms.
Unloading 0 Unused Serialized files (Serialized files now loaded: 0)
Unloading 3890 unused Assets / (1.0 MB). Loaded Objects now: 4531.
Memory consumption went from 101.5 MB to 100.5 MB.
Total: 11.941100 ms (FindLiveObjects: 1.211800 ms CreateObjectMapping: 0.336100 ms MarkObjects: 8.684100 ms  DeleteObjects: 1.704100 ms)

Prepare: number of updated asset objects reloaded= 0
========================================================================
Received Import Request.
  Time since last request: 141.390732 seconds.
  path: Assets/Prefabs/Player Variant.prefab
  artifactKey: Guid(95011c97dcd6013418651ec2c0aea1f2) Importer(815301076,1909f56bfc062723c751e8b465ee728b)
Start importing Assets/Prefabs/Player Variant.prefab using Guid(95011c97dcd6013418651ec2c0aea1f2) Importer(815301076,1909f56bfc062723c751e8b465ee728b) (PreviewImporter) -> (artifact id: '3fda34468c41c8c59a3e4d820beba81b') in 0.0417678 seconds
Number of updated asset objects reloaded before import = 0Number of asset objects unloaded after import = 440

========================================================================
Received Prepare
Refreshing native plugins compatible for Editor in 1.36 ms, found 3 plugins.
Preloading 0 native plugins for Editor in 0.00 ms.
Unloading 0 Unused Serialized files (Serialized files now loaded: 0)
Unloading 3890 unused Assets / (1.7 MB). Loaded Objects now: 4531.
Memory consumption went from 101.5 MB to 99.8 MB.
Total: 18.670700 ms (FindLiveObjects: 1.452100 ms CreateObjectMapping: 1.226200 ms MarkObjects: 13.021400 ms  DeleteObjects: 2.968800 ms)

Prepare: number of updated asset objects reloaded= 0
========================================================================
Received Prepare
Refreshing native plugins compatible for Editor in 1.27 ms, found 3 plugins.
Preloading 0 native plugins for Editor in 0.00 ms.
Unloading 0 Unused Serialized files (Serialized files now loaded: 0)
Unloading 3889 unused Assets / (1.1 MB). Loaded Objects now: 4531.
Memory consumption went from 101.5 MB to 100.3 MB.
Total: 10.325100 ms (FindLiveObjects: 0.735700 ms CreateObjectMapping: 0.449400 ms MarkObjects: 6.707700 ms  DeleteObjects: 2.430100 ms)

Prepare: number of updated asset objects reloaded= 0
========================================================================
Received Prepare
Refreshing native plugins compatible for Editor in 0.91 ms, found 3 plugins.
Preloading 0 native plugins for Editor in 0.00 ms.
Unloading 0 Unused Serialized files (Serialized files now loaded: 0)
Unloading 3889 unused Assets / (1.5 MB). Loaded Objects now: 4531.
Memory consumption went from 101.5 MB to 100.0 MB.
Total: 15.662000 ms (FindLiveObjects: 0.606200 ms CreateObjectMapping: 0.365000 ms MarkObjects: 11.663500 ms  DeleteObjects: 3.024100 ms)

Prepare: number of updated asset objects reloaded= 0
========================================================================
Received Prepare
Refreshing native plugins compatible for Editor in 1.71 ms, found 3 plugins.
Preloading 0 native plugins for Editor in 0.00 ms.
Unloading 0 Unused Serialized files (Serialized files now loaded: 0)
Unloading 3889 unused Assets / (473.9 KB). Loaded Objects now: 4531.
Memory consumption went from 101.5 MB to 101.0 MB.
Total: 54.232300 ms (FindLiveObjects: 1.374000 ms CreateObjectMapping: 1.537600 ms MarkObjects: 47.440300 ms  DeleteObjects: 3.876500 ms)

Prepare: number of updated asset objects reloaded= 0
========================================================================
Received Prepare
Refreshing native plugins compatible for Editor in 0.97 ms, found 3 plugins.
Preloading 0 native plugins for Editor in 0.00 ms.
Unloading 0 Unused Serialized files (Serialized files now loaded: 0)
Unloading 3889 unused Assets / (1.1 MB). Loaded Objects now: 4531.
Memory consumption went from 101.5 MB to 100.3 MB.
Total: 12.281700 ms (FindLiveObjects: 1.129300 ms CreateObjectMapping: 1.616800 ms MarkObjects: 7.480000 ms  DeleteObjects: 2.053500 ms)

Prepare: number of updated asset objects reloaded= 0
========================================================================
Received Prepare
Refreshing native plugins compatible for Editor in 1.07 ms, found 3 plugins.
Preloading 0 native plugins for Editor in 0.00 ms.
Unloading 0 Unused Serialized files (Serialized files now loaded: 0)
Unloading 3889 unused Assets / (1.0 MB). Loaded Objects now: 4531.
Memory consumption went from 101.5 MB to 100.4 MB.
Total: 11.161200 ms (FindLiveObjects: 0.727100 ms CreateObjectMapping: 0.340700 ms MarkObjects: 8.399400 ms  DeleteObjects: 1.691700 ms)

Prepare: number of updated asset objects reloaded= 0
