[Licensing::Module] Trying to connect to existing licensing client channel...
Built from '6000.3/staging' branch; Version is '6000.3.2f1 (a9779f353c9b) revision 11106207'; Using compiler version '194234433'; Build Type 'Release'
OS: 'Windows 11  (10.0.26200) 64bit Core' Language: 'en' Physical Memory: 15770 MB
[Licensing::IpcConnector] Successfully connected to: "LicenseClient-aldri" at "2026-01-09T08:48:11.8347982Z"
BatchMode: 1, IsHumanControllingUs: 0, StartBugReporterOnCrash: 0, Is64bit: 1
Date: 2026-01-09T08:48:11Z

COMMAND LINE ARGUMENTS:
C:\Program Files\Unity\Hub\Editor\6000.3.2f1\Editor\Unity.exe
-adb2
-batchMode
-noUpm
-name
AssetImportWorker0
-projectPath
C:/Users/aldri/Major Project
-logFile
Logs/AssetImportWorker0.log
-srvPort
59583
-licensingIpc
LicenseClient-aldri
-job-worker-count
7
-background-job-worker-count
8
-gc-helper-count
1
-name
AssetImport
Successfully changed project path to: C:/Users/aldri/Major Project
C:/Users/aldri/Major Project
[UnityMemory] Configuration Parameters - Can be set up in boot.config
    "memorysetup-temp-allocator-size-nav-mesh-worker=65536"
    "memorysetup-temp-allocator-size-audio-worker=65536"
    "memorysetup-temp-allocator-size-gfx=262144"
    "memorysetup-allocator-temp-initial-block-size-main=262144"
    "memorysetup-allocator-temp-initial-block-size-worker=262144"
    "memorysetup-temp-allocator-size-background-worker=32768"
    "memorysetup-temp-allocator-size-job-worker=262144"
    "memorysetup-temp-allocator-size-preload-manager=33554432"
    "memorysetup-temp-allocator-size-gi-baking-worker=262144"
    "memorysetup-temp-allocator-size-gi-baking-worker=262144"
    "memorysetup-temp-allocator-size-gi-baking-worker=262144"
    "memorysetup-temp-allocator-size-gi-baking-worker=262144"
    "memorysetup-temp-allocator-size-gi-baking-worker=262144"
    "memorysetup-bucket-allocator-granularity=16"
    "memorysetup-bucket-allocator-bucket-count=8"
    "memorysetup-bucket-allocator-block-size=33554432"
    "memorysetup-bucket-allocator-block-count=8"
    "memorysetup-main-allocator-block-size=16777216"
    "memorysetup-thread-allocator-block-size=16777216"
    "memorysetup-gfx-main-allocator-block-size=16777216"
    "memorysetup-gfx-thread-allocator-block-size=16777216"
    "memorysetup-cache-allocator-block-size=4194304"
    "memorysetup-typetree-allocator-block-size=2097152"
    "memorysetup-profiler-bucket-allocator-granularity=16"
    "memorysetup-profiler-bucket-allocator-bucket-count=8"
    "memorysetup-profiler-bucket-allocator-block-size=33554432"
    "memorysetup-profiler-bucket-allocator-block-count=8"
    "memorysetup-profiler-allocator-block-size=16777216"
    "memorysetup-profiler-editor-allocator-block-size=1048576"
    "memorysetup-temp-allocator-size-main=16777216"
    "memorysetup-job-temp-allocator-block-size=2097152"
    "memorysetup-job-temp-allocator-block-size-background=1048576"
    "memorysetup-job-temp-allocator-reduction-small-platforms=262144"
    "memorysetup-temp-allocator-size-cloud-worker=32768"
Player connection [7844]  Target information:

Player connection [7844]  * "[IP] 192.168.0.1 [Port] 0 [Flags] 2 [Guid] 2757029525 [EditorId] 2757029525 [Version] 1048832 [Id] WindowsEditor(7,ImAluminium) [Debug] 1 [PackageName] WindowsEditor [ProjectName] Editor" 

Player connection [7844]  * "[IP] 192.168.56.1 [Port] 0 [Flags] 2 [Guid] 2757029525 [EditorId] 2757029525 [Version] 1048832 [Id] WindowsEditor(7,ImAluminium) [Debug] 1 [PackageName] WindowsEditor [ProjectName] Editor" 

Player connection [7844]  * "[IP] 192.168.1.31 [Port] 0 [Flags] 2 [Guid] 2757029525 [EditorId] 2757029525 [Version] 1048832 [Id] WindowsEditor(7,ImAluminium) [Debug] 1 [PackageName] WindowsEditor [ProjectName] Editor" 

Player connection [7844] Host joined multi-casting on [225.0.0.222:54997]...
Player connection [7844] Host joined alternative multi-casting on [225.0.0.222:34997]...
JobSystem: Creating JobQueue using job-worker-count value 7
Input System module state changed to: Initialized.
[Physics::Module] Initialized fallback backend.
[Physics::Module] Id: 0xdecafbad
Library Redirect Path: Library/
[Physics::Module] Selected backend.
[Physics::Module] Name: PhysX
[Physics::Module] Id: 0xf2b8ea05
[Physics::Module] SDK Version: 4.1.2
[Physics::Module] Integration Version: 1.0.0
[Physics::Module] Threading Mode: Multi-Threaded
Refreshing native plugins compatible for Editor in 2.62 ms, found 3 plugins.
Preloading 0 native plugins for Editor in 0.00 ms.
Initialize engine version: 6000.3.2f1 (a9779f353c9b)
[Subsystems] Discovering subsystems at path C:/Program Files/Unity/Hub/Editor/6000.3.2f1/Editor/Data/Resources/UnitySubsystems
[Subsystems] Discovering subsystems at path C:/Users/aldri/Major Project/Assets
GfxDevice: creating device client; kGfxThreadingModeNonThreaded
Direct3D:
    Version:  Direct3D 11.0 [level 11.1]
    Renderer: AMD Radeon (TM) Graphics (ID=0x15e7)
    Vendor:   ATI
    VRAM:     7885 MB
    Driver:   31.0.12046.27001
Initialize mono
Mono path[0] = 'C:/Program Files/Unity/Hub/Editor/6000.3.2f1/Editor/Data/Managed'
Mono path[1] = 'C:/Program Files/Unity/Hub/Editor/6000.3.2f1/Editor/Data/MonoBleedingEdge/lib/mono/unityjit-win32'
Mono config path = 'C:/Program Files/Unity/Hub/Editor/6000.3.2f1/Editor/Data/MonoBleedingEdge/etc'
Using monoOptions --debugger-agent=transport=dt_socket,embedding=1,server=y,suspend=n,address=127.0.0.1:56748
Begin MonoManager ReloadAssembly
Registering precompiled unity dll's ...
Register platform support module: C:/Program Files/Unity/Hub/Editor/6000.3.2f1/Editor/Data/PlaybackEngines/WebGLSupport/UnityEditor.WebGL.Extensions.dll
Register platform support module: C:/Program Files/Unity/Hub/Editor/6000.3.2f1/Editor/Data/PlaybackEngines/WindowsStandaloneSupport/UnityEditor.WindowsStandalone.Extensions.dll
Registered in 0.002590 seconds.
- Loaded All Assemblies, in  0.468 seconds
Native extension for WindowsStandalone target not found
Native extension for WebGL target not found
Mono: successfully reloaded assembly
- Finished resetting the current domain, in  0.488 seconds
Domain Reload Profiling: 952ms
	BeginReloadAssembly (151ms)
		ExecutionOrderSort (0ms)
		DisableScriptedObjects (0ms)
		BackupInstance (0ms)
		ReleaseScriptingObjects (0ms)
		CreateAndSetChildDomain (1ms)
	RebuildCommonClasses (44ms)
	RebuildNativeTypeToScriptingClass (13ms)
	initialDomainReloadingComplete (59ms)
	LoadAllAssembliesAndSetupDomain (197ms)
		LoadAssemblies (147ms)
		RebuildTransferFunctionScriptingTraits (0ms)
		AnalyzeDomain (193ms)
			TypeCache.Refresh (190ms)
				TypeCache.ScanAssembly (174ms)
			BuildScriptInfoCaches (0ms)
			ResolveRequiredComponents (1ms)
	FinalizeReload (488ms)
		ReleaseScriptCaches (0ms)
		RebuildScriptCaches (0ms)
		SetupLoadedEditorAssemblies (446ms)
			LogAssemblyErrors (0ms)
			InitializePlatformSupportModulesInManaged (63ms)
			SetLoadedEditorAssemblies (5ms)
			BeforeProcessingInitializeOnLoad (103ms)
			ProcessInitializeOnLoadAttributes (186ms)
			ProcessInitializeOnLoadMethodAttributes (89ms)
			AfterProcessingInitializeOnLoad (0ms)
			EditorAssembliesLoaded (0ms)
		ExecutionOrderSort2 (0ms)
		AwakeInstancesAfterBackupRestoration (0ms)
========================================================================
Worker process is ready to serve import requests
Import Worker Mode flag is 0x00
Begin MonoManager ReloadAssembly
[Licensing::Module] Licensing is not yet initialized.
[Licensing::Client] Handshaking with LicensingClient:
  Version:                 1.17.4+4293ba1
  Session Id:              6fdfc34448f5418eb667caea987eb1cc
  Correlation Id:          8be5b6454b9a08a85ff9cb0f6c147233
  External correlation Id: 1215687908273102703
  Machine Id:              l0EhpGW4SrtGiNS3MlV682PN5Ns=
[Licensing::Module] Successfully connected to LicensingClient on channel: "LicenseClient-aldri" (connect: 0.00s, validation: 0.00s, handshake: 1.94s)
[Licensing::IpcConnector] Successfully connected to: "LicenseClient-aldri-notifications" at "2026-01-09T08:48:13.7803424Z"
[Licensing::Module] Licensing Background thread has ended after 1.95s
[Licensing::Module] Licensing is initialized (took 0.36s).
[Licensing::Client] Successfully resolved entitlement details
[Licensing::Module] License group:
  Id: 18968360284224-UnityPersXXXX
  Product: Unity Personal
  Type: Assigned
  Expiration: Unlimited
- Loaded All Assemblies, in  1.138 seconds
Refreshing native plugins compatible for Editor in 0.99 ms, found 3 plugins.
Native extension for WindowsStandalone target not found
Native extension for WebGL target not found
Package Manager log level set to [2]
[Package Manager] Failed to launch server process. Reason: Unity was launched with the -noUpm command-line argument
[Package Manager] Unable to send message (not connected to server process).
[Package Manager] Cannot connect to Unity Package Manager local server
Mono: successfully reloaded assembly
- Finished resetting the current domain, in  0.746 seconds
Domain Reload Profiling: 1879ms
	BeginReloadAssembly (576ms)
		ExecutionOrderSort (0ms)
		DisableScriptedObjects (6ms)
		BackupInstance (0ms)
		ReleaseScriptingObjects (0ms)
		CreateAndSetChildDomain (44ms)
	RebuildCommonClasses (43ms)
	RebuildNativeTypeToScriptingClass (13ms)
	initialDomainReloadingComplete (45ms)
	LoadAllAssembliesAndSetupDomain (455ms)
		LoadAssemblies (360ms)
		RebuildTransferFunctionScriptingTraits (0ms)
		AnalyzeDomain (212ms)
			TypeCache.Refresh (172ms)
				TypeCache.ScanAssembly (158ms)
			BuildScriptInfoCaches (30ms)
			ResolveRequiredComponents (5ms)
	FinalizeReload (747ms)
		ReleaseScriptCaches (0ms)
		RebuildScriptCaches (0ms)
		SetupLoadedEditorAssemblies (578ms)
			LogAssemblyErrors (0ms)
			InitializePlatformSupportModulesInManaged (3ms)
			SetLoadedEditorAssemblies (5ms)
			BeforeProcessingInitializeOnLoad (154ms)
			ProcessInitializeOnLoadAttributes (363ms)
			ProcessInitializeOnLoadMethodAttributes (46ms)
			AfterProcessingInitializeOnLoad (7ms)
			EditorAssembliesLoaded (0ms)
		ExecutionOrderSort2 (0ms)
		AwakeInstancesAfterBackupRestoration (9ms)
Launched and connected shader compiler UnityShaderCompiler.exe after 0.02 seconds
Refreshing native plugins compatible for Editor in 1.17 ms, found 3 plugins.
Preloading 0 native plugins for Editor in 0.00 ms.
Unloading 0 Unused Serialized files (Serialized files now loaded: 0)
Unloading 3859 unused Assets / (1.0 MB). Loaded Objects now: 4442.
Memory consumption went from 93.2 MB to 92.2 MB.
Total: 8.026200 ms (FindLiveObjects: 0.576300 ms CreateObjectMapping: 0.312500 ms MarkObjects: 5.950700 ms  DeleteObjects: 1.184700 ms)

========================================================================
Received Import Request.
  Time since last request: 162121.277499 seconds.
  path: Assets/Scenes/SampleScene.unity
  artifactKey: Guid(9fc0d4010bbf28b4594072e72b8655ab) Importer(2089858483,b0f066a214c2f5e87bad3c948f4d605d)
Start importing Assets/Scenes/SampleScene.unity using Guid(9fc0d4010bbf28b4594072e72b8655ab) Importer(2089858483,b0f066a214c2f5e87bad3c948f4d605d) (ScriptedImporter) -> (artifact id: '5fdc4ae1c9c8a916beda3352afbca4cb') in 0.2105658 seconds
Number of updated asset objects reloaded before import = 0Number of asset objects unloaded after import = 1

========================================================================
Received Import Request.
  Time since last request: 79.159905 seconds.
  path: Assets/iPoly3D/Server Room/Prefabs/tablet.prefab
  artifactKey: Guid(b7c323073beeb0b42a8412d881577235) Importer(2089858483,b0f066a214c2f5e87bad3c948f4d605d)
Start importing Assets/iPoly3D/Server Room/Prefabs/tablet.prefab using Guid(b7c323073beeb0b42a8412d881577235) Importer(2089858483,b0f066a214c2f5e87bad3c948f4d605d) (ScriptedImporter) -> (artifact id: '957f0619ab635289a49cb30a9f7b3840') in 0.0928082 seconds
Number of updated asset objects reloaded before import = 0Number of asset objects unloaded after import = 15

========================================================================
Received Import Request.
  Time since last request: 0.016191 seconds.
  path: Assets/iPoly3D/Server Room/Models/wall.fbx
  artifactKey: Guid(0d7740f4e5905354fbbe8fb78d75ce92) Importer(2089858483,b0f066a214c2f5e87bad3c948f4d605d)
Start importing Assets/iPoly3D/Server Room/Models/wall.fbx using Guid(0d7740f4e5905354fbbe8fb78d75ce92) Importer(2089858483,b0f066a214c2f5e87bad3c948f4d605d) (ScriptedImporter) -> (artifact id: '24b00e1fd02881097bf18794d2e6fd8c') in 0.0567835 seconds
Number of updated asset objects reloaded before import = 0Number of asset objects unloaded after import = 8

========================================================================
Received Import Request.
  Time since last request: 0.000039 seconds.
  path: Assets/iPoly3D/Server Room/Models/mouse.fbx
  artifactKey: Guid(890914ced6bbf394898e4da597687956) Importer(2089858483,b0f066a214c2f5e87bad3c948f4d605d)
Start importing Assets/iPoly3D/Server Room/Models/mouse.fbx using Guid(890914ced6bbf394898e4da597687956) Importer(2089858483,b0f066a214c2f5e87bad3c948f4d605d) (ScriptedImporter) -> (artifact id: '67b743b71cb22fe1d0d76b2f704bf96e') in 0.0162288 seconds
Number of updated asset objects reloaded before import = 0Number of asset objects unloaded after import = 8

========================================================================
Received Import Request.
  Time since last request: 0.000055 seconds.
  path: Assets/iPoly3D/Server Room/Materials/Glass.mat
  artifactKey: Guid(5786f1117a840014b8ab40c3c7a18c22) Importer(2089858483,b0f066a214c2f5e87bad3c948f4d605d)
Start importing Assets/iPoly3D/Server Room/Materials/Glass.mat using Guid(5786f1117a840014b8ab40c3c7a18c22) Importer(2089858483,b0f066a214c2f5e87bad3c948f4d605d) (ScriptedImporter) -> (artifact id: '3955b63ffabdb6b25a78f90e76c60934') in 0.063861 seconds
Number of updated asset objects reloaded before import = 0Number of asset objects unloaded after import = 1

========================================================================
Received Import Request.
  Time since last request: 0.000112 seconds.
  path: Assets/iPoly3D/Server Room/Prefabs/airvent.prefab
  artifactKey: Guid(d7cd5c7975835a14cae4bcbafa34bd4b) Importer(2089858483,b0f066a214c2f5e87bad3c948f4d605d)
Start importing Assets/iPoly3D/Server Room/Prefabs/airvent.prefab using Guid(d7cd5c7975835a14cae4bcbafa34bd4b) Importer(2089858483,b0f066a214c2f5e87bad3c948f4d605d) (ScriptedImporter) -> (artifact id: '5159d2d6a39fedd3e8e8ea81e25fe2f2') in 0.0107358 seconds
Number of updated asset objects reloaded before import = 0Number of asset objects unloaded after import = 15

========================================================================
Received Import Request.
  Time since last request: 0.000053 seconds.
  path: Assets/iPoly3D/Server Room/Source Files
  artifactKey: Guid(b723300b48dc79f4e85c848fb68f2255) Importer(2089858483,b0f066a214c2f5e87bad3c948f4d605d)
Start importing Assets/iPoly3D/Server Room/Source Files using Guid(b723300b48dc79f4e85c848fb68f2255) Importer(2089858483,b0f066a214c2f5e87bad3c948f4d605d) (ScriptedImporter) -> (artifact id: '247e02106a35e09758bf3ce778b70681') in 0.0047734 seconds
Number of updated asset objects reloaded before import = 0Number of asset objects unloaded after import = 1

========================================================================
Received Import Request.
  Time since last request: 0.000048 seconds.
  path: Assets/iPoly3D/Server Room/Prefabs/security_camera.prefab
  artifactKey: Guid(beb371209ab6caa45be5c7b336aaa6f9) Importer(2089858483,b0f066a214c2f5e87bad3c948f4d605d)
Start importing Assets/iPoly3D/Server Room/Prefabs/security_camera.prefab using Guid(beb371209ab6caa45be5c7b336aaa6f9) Importer(2089858483,b0f066a214c2f5e87bad3c948f4d605d) (ScriptedImporter) -> (artifact id: '0d74302bb96bd777b01bbd1acd4a10f7') in 0.0124102 seconds
Number of updated asset objects reloaded before import = 0Number of asset objects unloaded after import = 15

========================================================================
Received Import Request.
  Time since last request: 0.000035 seconds.
  path: Assets/iPoly3D/Server Room/Models/server.fbx
  artifactKey: Guid(22979a140857f8f49ad4426515414f92) Importer(2089858483,b0f066a214c2f5e87bad3c948f4d605d)
Start importing Assets/iPoly3D/Server Room/Models/server.fbx using Guid(22979a140857f8f49ad4426515414f92) Importer(2089858483,b0f066a214c2f5e87bad3c948f4d605d) (ScriptedImporter) -> (artifact id: 'eb765e0da065a8170d0d4406bad69d7c') in 0.0187517 seconds
Number of updated asset objects reloaded before import = 0Number of asset objects unloaded after import = 15

========================================================================
Received Import Request.
  Time since last request: 0.000050 seconds.
  path: Assets/iPoly3D/Server Room/Demo
  artifactKey: Guid(780579b456fb17f478cfbc94b94e370a) Importer(2089858483,b0f066a214c2f5e87bad3c948f4d605d)
Start importing Assets/iPoly3D/Server Room/Demo using Guid(780579b456fb17f478cfbc94b94e370a) Importer(2089858483,b0f066a214c2f5e87bad3c948f4d605d) (ScriptedImporter) -> (artifact id: '3ccc1644ffa7c288bcea1271af07b889') in 0.0054406 seconds
Number of updated asset objects reloaded before import = 0Number of asset objects unloaded after import = 1

========================================================================
Received Import Request.
  Time since last request: 0.000081 seconds.
  path: Assets/iPoly3D/Server Room/Prefabs/corner.prefab
  artifactKey: Guid(e1ff1d8d5ca1e744e9735e8cf3e51fb4) Importer(2089858483,b0f066a214c2f5e87bad3c948f4d605d)
Start importing Assets/iPoly3D/Server Room/Prefabs/corner.prefab using Guid(e1ff1d8d5ca1e744e9735e8cf3e51fb4) Importer(2089858483,b0f066a214c2f5e87bad3c948f4d605d) (ScriptedImporter) -> (artifact id: '528bfca9659e02a15233bcc2b15d9134') in 0.0113872 seconds
Number of updated asset objects reloaded before import = 0Number of asset objects unloaded after import = 15

========================================================================
Received Import Request.
  Time since last request: 0.000032 seconds.
  path: Assets/iPoly3D/Server Room/Prefabs/fire_extinguisher.prefab
  artifactKey: Guid(d5f927682928f9f4c89f2b971e51f3d8) Importer(2089858483,b0f066a214c2f5e87bad3c948f4d605d)
Start importing Assets/iPoly3D/Server Room/Prefabs/fire_extinguisher.prefab using Guid(d5f927682928f9f4c89f2b971e51f3d8) Importer(2089858483,b0f066a214c2f5e87bad3c948f4d605d) (ScriptedImporter) -> (artifact id: '4bd3e57216177e35a355df5f816a2aa0') in 0.0100447 seconds
Number of updated asset objects reloaded before import = 0Number of asset objects unloaded after import = 15

========================================================================
Received Import Request.
  Time since last request: 0.000044 seconds.
  path: Assets/iPoly3D/Server Room/Prefabs/display.002.prefab
  artifactKey: Guid(2407d844bd13a73418ffb791ab57246c) Importer(2089858483,b0f066a214c2f5e87bad3c948f4d605d)
Start importing Assets/iPoly3D/Server Room/Prefabs/display.002.prefab using Guid(2407d844bd13a73418ffb791ab57246c) Importer(2089858483,b0f066a214c2f5e87bad3c948f4d605d) (ScriptedImporter) -> (artifact id: '2d0ff12a900046bb4884b51c494fccbb') in 0.0094971 seconds
Number of updated asset objects reloaded before import = 0Number of asset objects unloaded after import = 15

========================================================================
Received Import Request.
  Time since last request: 0.000034 seconds.
  path: Assets/iPoly3D/Server Room/Prefabs/server.prefab
  artifactKey: Guid(2f3fe288da751a2428fc82d8e5ed9f7e) Importer(2089858483,b0f066a214c2f5e87bad3c948f4d605d)
Start importing Assets/iPoly3D/Server Room/Prefabs/server.prefab using Guid(2f3fe288da751a2428fc82d8e5ed9f7e) Importer(2089858483,b0f066a214c2f5e87bad3c948f4d605d) (ScriptedImporter) -> (artifact id: '5a4bae5c04212e6af4c5f7e163f2f626') in 0.0101629 seconds
Number of updated asset objects reloaded before import = 0Number of asset objects unloaded after import = 25

========================================================================
Received Import Request.
  Time since last request: 0.000030 seconds.
  path: Assets/iPoly3D/Server Room/Models/Keyboard.fbx
  artifactKey: Guid(251fbd0380ea83440af7758ab5b258b8) Importer(2089858483,b0f066a214c2f5e87bad3c948f4d605d)
Start importing Assets/iPoly3D/Server Room/Models/Keyboard.fbx using Guid(251fbd0380ea83440af7758ab5b258b8) Importer(2089858483,b0f066a214c2f5e87bad3c948f4d605d) (ScriptedImporter) -> (artifact id: 'bab47d182f080f75d9c2454e226e54c9') in 0.0150731 seconds
Number of updated asset objects reloaded before import = 0Number of asset objects unloaded after import = 8

========================================================================
Received Import Request.
  Time since last request: 0.000034 seconds.
  path: Assets/iPoly3D/Server Room/Prefabs/floor.prefab
  artifactKey: Guid(a8d819c88b06d5d479cad532c162c475) Importer(2089858483,b0f066a214c2f5e87bad3c948f4d605d)
Start importing Assets/iPoly3D/Server Room/Prefabs/floor.prefab using Guid(a8d819c88b06d5d479cad532c162c475) Importer(2089858483,b0f066a214c2f5e87bad3c948f4d605d) (ScriptedImporter) -> (artifact id: '54ed356b88df374719c4d37f15bbfbbe') in 0.0222103 seconds
Number of updated asset objects reloaded before import = 0Number of asset objects unloaded after import = 15

========================================================================
Received Import Request.
  Time since last request: 0.000036 seconds.
  path: Assets/iPoly3D/Server Room/Prefabs/server_2.prefab
  artifactKey: Guid(b4f729d9618a65543baedfac3b0a7311) Importer(2089858483,b0f066a214c2f5e87bad3c948f4d605d)
Start importing Assets/iPoly3D/Server Room/Prefabs/server_2.prefab using Guid(b4f729d9618a65543baedfac3b0a7311) Importer(2089858483,b0f066a214c2f5e87bad3c948f4d605d) (ScriptedImporter) -> (artifact id: 'bd4c7da1501d35b797e9e0f189a80e97') in 0.0100226 seconds
Number of updated asset objects reloaded before import = 0Number of asset objects unloaded after import = 15

========================================================================
Received Import Request.
  Time since last request: 0.000053 seconds.
  path: Assets/iPoly3D/Server Room/Models/electric cable.fbx
  artifactKey: Guid(ac33bc41ad2548c40be6abead6c0c63b) Importer(2089858483,b0f066a214c2f5e87bad3c948f4d605d)
Start importing Assets/iPoly3D/Server Room/Models/electric cable.fbx using Guid(ac33bc41ad2548c40be6abead6c0c63b) Importer(2089858483,b0f066a214c2f5e87bad3c948f4d605d) (ScriptedImporter) -> (artifact id: '5bfe0456ee525bc9a30317bb44a966eb') in 0.0211686 seconds
Number of updated asset objects reloaded before import = 0Number of asset objects unloaded after import = 8

========================================================================
Received Import Request.
  Time since last request: 0.000041 seconds.
  path: Assets/iPoly3D/Server Room/Source Files/LowPoly Server Room.zip
  artifactKey: Guid(c315eec435155c74fb8905e24224ae0d) Importer(2089858483,b0f066a214c2f5e87bad3c948f4d605d)
Start importing Assets/iPoly3D/Server Room/Source Files/LowPoly Server Room.zip using Guid(c315eec435155c74fb8905e24224ae0d) Importer(2089858483,b0f066a214c2f5e87bad3c948f4d605d) (ScriptedImporter) -> (artifact id: '409748b2dc6b80181d0cc4fae8f25bd6') in 0.0051656 seconds
Number of updated asset objects reloaded before import = 0Number of asset objects unloaded after import = 1

========================================================================
Received Import Request.
  Time since last request: 0.000084 seconds.
  path: Assets/iPoly3D/Server Room/Models/display.fbx
  artifactKey: Guid(16ad48e461256924d91d292f869989e1) Importer(2089858483,b0f066a214c2f5e87bad3c948f4d605d)
Start importing Assets/iPoly3D/Server Room/Models/display.fbx using Guid(16ad48e461256924d91d292f869989e1) Importer(2089858483,b0f066a214c2f5e87bad3c948f4d605d) (ScriptedImporter) -> (artifact id: '0946027d4067443403c0effffdd657fe') in 0.0181824 seconds
Number of updated asset objects reloaded before import = 0Number of asset objects unloaded after import = 8

========================================================================
Received Import Request.
  Time since last request: 0.000044 seconds.
  path: Assets/iPoly3D/Server Room/Prefabs/wall_door.prefab
  artifactKey: Guid(ba08e2e36c3186d47bb5bff407ef271e) Importer(2089858483,b0f066a214c2f5e87bad3c948f4d605d)
Start importing Assets/iPoly3D/Server Room/Prefabs/wall_door.prefab using Guid(ba08e2e36c3186d47bb5bff407ef271e) Importer(2089858483,b0f066a214c2f5e87bad3c948f4d605d) (ScriptedImporter) -> (artifact id: '079356108990bc9a16536b692db29106') in 0.0104721 seconds
Number of updated asset objects reloaded before import = 0Number of asset objects unloaded after import = 15

========================================================================
Received Import Request.
  Time since last request: 0.000037 seconds.
  path: Assets/iPoly3D/Server Room/Prefabs/exit_sign.prefab
  artifactKey: Guid(01416d383f6bdc14e811adfc51255eaa) Importer(2089858483,b0f066a214c2f5e87bad3c948f4d605d)
Start importing Assets/iPoly3D/Server Room/Prefabs/exit_sign.prefab using Guid(01416d383f6bdc14e811adfc51255eaa) Importer(2089858483,b0f066a214c2f5e87bad3c948f4d605d) (ScriptedImporter) -> (artifact id: 'ac034e48ebc8945c0997b592b0fb7eae') in 0.0100754 seconds
Number of updated asset objects reloaded before import = 0Number of asset objects unloaded after import = 15

========================================================================
Received Import Request.
  Time since last request: 0.000032 seconds.
  path: Assets/iPoly3D/Server Room/Models/exit_sign.fbx
  artifactKey: Guid(6881db6094cb72c46b8781b50bdb99c1) Importer(2089858483,b0f066a214c2f5e87bad3c948f4d605d)
Start importing Assets/iPoly3D/Server Room/Models/exit_sign.fbx using Guid(6881db6094cb72c46b8781b50bdb99c1) Importer(2089858483,b0f066a214c2f5e87bad3c948f4d605d) (ScriptedImporter) -> (artifact id: '17490914e74100e52d1c77e309c5bd95') in 0.015896 seconds
Number of updated asset objects reloaded before import = 0Number of asset objects unloaded after import = 8

========================================================================
Received Import Request.
  Time since last request: 0.000033 seconds.
  path: Assets/iPoly3D/Server Room/Materials/Server_Material.mat
  artifactKey: Guid(dc772efc330be464785be67d4a6ee8a6) Importer(2089858483,b0f066a214c2f5e87bad3c948f4d605d)
Start importing Assets/iPoly3D/Server Room/Materials/Server_Material.mat using Guid(dc772efc330be464785be67d4a6ee8a6) Importer(2089858483,b0f066a214c2f5e87bad3c948f4d605d) (ScriptedImporter) -> (artifact id: '489d5c2aefce0b0ce9a911466590d5b0') in 0.0084081 seconds
Number of updated asset objects reloaded before import = 0Number of asset objects unloaded after import = 3

========================================================================
Received Import Request.
  Time since last request: 0.000030 seconds.
  path: Assets/iPoly3D/Server Room/Prefabs/Keyboard.prefab
  artifactKey: Guid(ec78088b7a0003d48ac6ee3afada669e) Importer(2089858483,b0f066a214c2f5e87bad3c948f4d605d)
Start importing Assets/iPoly3D/Server Room/Prefabs/Keyboard.prefab using Guid(ec78088b7a0003d48ac6ee3afada669e) Importer(2089858483,b0f066a214c2f5e87bad3c948f4d605d) (ScriptedImporter) -> (artifact id: '050f2aa01a1dd4f2f772f1a3d21dec91') in 0.0119846 seconds
Number of updated asset objects reloaded before import = 0Number of asset objects unloaded after import = 15

========================================================================
Received Import Request.
  Time since last request: 0.000051 seconds.
  path: Assets/iPoly3D/Server Room/Models/fire_extinguisher.fbx
  artifactKey: Guid(5b17bde83b8bf5549b577056ab462087) Importer(2089858483,b0f066a214c2f5e87bad3c948f4d605d)
Start importing Assets/iPoly3D/Server Room/Models/fire_extinguisher.fbx using Guid(5b17bde83b8bf5549b577056ab462087) Importer(2089858483,b0f066a214c2f5e87bad3c948f4d605d) (ScriptedImporter) -> (artifact id: 'f5a6cc90835877d7afeb63814a52bdc0') in 0.0131909 seconds
Number of updated asset objects reloaded before import = 0Number of asset objects unloaded after import = 8

========================================================================
Received Import Request.
  Time since last request: 0.000031 seconds.
  path: Assets/iPoly3D/Server Room/Models/airvent.fbx
  artifactKey: Guid(23f52b54fe7d69e4884b5cecfc96ea21) Importer(2089858483,b0f066a214c2f5e87bad3c948f4d605d)
Start importing Assets/iPoly3D/Server Room/Models/airvent.fbx using Guid(23f52b54fe7d69e4884b5cecfc96ea21) Importer(2089858483,b0f066a214c2f5e87bad3c948f4d605d) (ScriptedImporter) -> (artifact id: '47547d81268c5870dc8306b3ffb0c092') in 0.0192491 seconds
Number of updated asset objects reloaded before import = 0Number of asset objects unloaded after import = 8

========================================================================
Received Import Request.
  Time since last request: 0.000036 seconds.
  path: Assets/iPoly3D/Server Room/Models/pencilbox.fbx
  artifactKey: Guid(eb7e39bb6ef2ad4459440d2e1b336347) Importer(2089858483,b0f066a214c2f5e87bad3c948f4d605d)
Start importing Assets/iPoly3D/Server Room/Models/pencilbox.fbx using Guid(eb7e39bb6ef2ad4459440d2e1b336347) Importer(2089858483,b0f066a214c2f5e87bad3c948f4d605d) (ScriptedImporter) -> (artifact id: 'b51972786947857ab2f507a33f97c4d1') in 0.0150674 seconds
Number of updated asset objects reloaded before import = 0Number of asset objects unloaded after import = 8

========================================================================
Received Import Request.
  Time since last request: 0.000059 seconds.
  path: Assets/iPoly3D/Server Room/Prefabs/display.prefab
  artifactKey: Guid(74be82cbd3349a44d90866b7cbaed00c) Importer(2089858483,b0f066a214c2f5e87bad3c948f4d605d)
Start importing Assets/iPoly3D/Server Room/Prefabs/display.prefab using Guid(74be82cbd3349a44d90866b7cbaed00c) Importer(2089858483,b0f066a214c2f5e87bad3c948f4d605d) (ScriptedImporter) -> (artifact id: '3a20b274c48067576d63d97d925b1792') in 0.0117246 seconds
Number of updated asset objects reloaded before import = 0Number of asset objects unloaded after import = 15

========================================================================
Received Import Request.
  Time since last request: 0.000046 seconds.
  path: Assets/iPoly3D/Server Room/Prefabs/coffie.prefab
  artifactKey: Guid(a53f591064baf7f4f85f4cd31ffe3d84) Importer(2089858483,b0f066a214c2f5e87bad3c948f4d605d)
Start importing Assets/iPoly3D/Server Room/Prefabs/coffie.prefab using Guid(a53f591064baf7f4f85f4cd31ffe3d84) Importer(2089858483,b0f066a214c2f5e87bad3c948f4d605d) (ScriptedImporter) -> (artifact id: '1c331eabc5622374bb94d177ce0a8457') in 0.0103682 seconds
Number of updated asset objects reloaded before import = 0Number of asset objects unloaded after import = 15

========================================================================
Received Import Request.
  Time since last request: 0.000035 seconds.
  path: Assets/iPoly3D/Server Room/Prefabs/wall.prefab
  artifactKey: Guid(80cbb9df11318004a95e198e69e78a10) Importer(2089858483,b0f066a214c2f5e87bad3c948f4d605d)
Start importing Assets/iPoly3D/Server Room/Prefabs/wall.prefab using Guid(80cbb9df11318004a95e198e69e78a10) Importer(2089858483,b0f066a214c2f5e87bad3c948f4d605d) (ScriptedImporter) -> (artifact id: 'a5b3e77697188233e6b66c6dd1782cad') in 0.0098799 seconds
Number of updated asset objects reloaded before import = 0Number of asset objects unloaded after import = 15

========================================================================
Received Import Request.
  Time since last request: 0.000049 seconds.
  path: Assets/iPoly3D/Server Room/Models/pencil.fbx
  artifactKey: Guid(d788aae496f2d8748886d0047ede1384) Importer(2089858483,b0f066a214c2f5e87bad3c948f4d605d)
Start importing Assets/iPoly3D/Server Room/Models/pencil.fbx using Guid(d788aae496f2d8748886d0047ede1384) Importer(2089858483,b0f066a214c2f5e87bad3c948f4d605d) (ScriptedImporter) -> (artifact id: '58d74a5cf865a58c7bcb55a89a195931') in 0.0138453 seconds
Number of updated asset objects reloaded before import = 0Number of asset objects unloaded after import = 8

========================================================================
Received Import Request.
  Time since last request: 0.000039 seconds.
  path: Assets/iPoly3D/Server Room/Models/chair.fbx
  artifactKey: Guid(020b98f52c31cc1408b7f931a6eca991) Importer(2089858483,b0f066a214c2f5e87bad3c948f4d605d)
Start importing Assets/iPoly3D/Server Room/Models/chair.fbx using Guid(020b98f52c31cc1408b7f931a6eca991) Importer(2089858483,b0f066a214c2f5e87bad3c948f4d605d) (ScriptedImporter) -> (artifact id: '7d4080d5f8e590e0834ac486cfb4b53f') in 0.0143446 seconds
Number of updated asset objects reloaded before import = 0Number of asset objects unloaded after import = 8

========================================================================
Received Import Request.
  Time since last request: 0.000051 seconds.
  path: Assets/iPoly3D/Server Room/Prefabs/desk.prefab
  artifactKey: Guid(0e16475e464050141a1bf64d51b46d48) Importer(2089858483,b0f066a214c2f5e87bad3c948f4d605d)
Start importing Assets/iPoly3D/Server Room/Prefabs/desk.prefab using Guid(0e16475e464050141a1bf64d51b46d48) Importer(2089858483,b0f066a214c2f5e87bad3c948f4d605d) (ScriptedImporter) -> (artifact id: '93d05b98d3936ac624b73ef8e88b05ea') in 0.0142891 seconds
Number of updated asset objects reloaded before import = 0Number of asset objects unloaded after import = 95

========================================================================
Received Import Request.
  Time since last request: 0.000044 seconds.
  path: Assets/iPoly3D/Server Room/Prefabs/pencil.prefab
  artifactKey: Guid(5bce66f7433474e4ebaf06e4434835be) Importer(2089858483,b0f066a214c2f5e87bad3c948f4d605d)
Start importing Assets/iPoly3D/Server Room/Prefabs/pencil.prefab using Guid(5bce66f7433474e4ebaf06e4434835be) Importer(2089858483,b0f066a214c2f5e87bad3c948f4d605d) (ScriptedImporter) -> (artifact id: 'bfc7ef6770bd4172ccd48d286f77951d') in 0.0137041 seconds
Number of updated asset objects reloaded before import = 0Number of asset objects unloaded after import = 15

========================================================================
Received Import Request.
  Time since last request: 0.000039 seconds.
  path: Assets/iPoly3D/Server Room/Materials
  artifactKey: Guid(be9eb59d142b66f4a96da81a478d9b78) Importer(2089858483,b0f066a214c2f5e87bad3c948f4d605d)
Start importing Assets/iPoly3D/Server Room/Materials using Guid(be9eb59d142b66f4a96da81a478d9b78) Importer(2089858483,b0f066a214c2f5e87bad3c948f4d605d) (ScriptedImporter) -> (artifact id: '8cac80be202b620c52439f25a67860ba') in 0.0063079 seconds
Number of updated asset objects reloaded before import = 0Number of asset objects unloaded after import = 1

========================================================================
Received Import Request.
  Time since last request: 0.000086 seconds.
  path: Assets/iPoly3D/Server Room/Textures/lowpoly_server_texture.png
  artifactKey: Guid(44892a2cfa86ce74bbf600973facaebc) Importer(2089858483,b0f066a214c2f5e87bad3c948f4d605d)
Start importing Assets/iPoly3D/Server Room/Textures/lowpoly_server_texture.png using Guid(44892a2cfa86ce74bbf600973facaebc) Importer(2089858483,b0f066a214c2f5e87bad3c948f4d605d) (ScriptedImporter) -> (artifact id: 'd36c7a1663bb17124c9a1afdc79880f6') in 0.074023 seconds
Number of updated asset objects reloaded before import = 0Number of asset objects unloaded after import = 1

========================================================================
Received Import Request.
  Time since last request: 0.000091 seconds.
  path: Assets/iPoly3D/Server Room/Models/display.004.fbx
  artifactKey: Guid(d30cb5d26d27a5a4cbd8502a38533ea3) Importer(2089858483,b0f066a214c2f5e87bad3c948f4d605d)
Start importing Assets/iPoly3D/Server Room/Models/display.004.fbx using Guid(d30cb5d26d27a5a4cbd8502a38533ea3) Importer(2089858483,b0f066a214c2f5e87bad3c948f4d605d) (ScriptedImporter) -> (artifact id: '7f918fcb1331569e1da38f785e7907a6') in 0.0169019 seconds
Number of updated asset objects reloaded before import = 0Number of asset objects unloaded after import = 8

========================================================================
Received Import Request.
  Time since last request: 0.000047 seconds.
  path: Assets/iPoly3D/Server Room/Prefabs/ceiling_single.prefab
  artifactKey: Guid(3f4814451272e874f9d7dc1534b22b63) Importer(2089858483,b0f066a214c2f5e87bad3c948f4d605d)
Start importing Assets/iPoly3D/Server Room/Prefabs/ceiling_single.prefab using Guid(3f4814451272e874f9d7dc1534b22b63) Importer(2089858483,b0f066a214c2f5e87bad3c948f4d605d) (ScriptedImporter) -> (artifact id: '2d4ca3fbdbb356437baf7b9e219c1d7e') in 0.0115984 seconds
Number of updated asset objects reloaded before import = 0Number of asset objects unloaded after import = 15

========================================================================
Received Import Request.
  Time since last request: 0.000047 seconds.
  path: Assets/iPoly3D/Server Room/Prefabs/laptop.prefab
  artifactKey: Guid(bc9cdfad65562854b86c69a063285b2f) Importer(2089858483,b0f066a214c2f5e87bad3c948f4d605d)
Start importing Assets/iPoly3D/Server Room/Prefabs/laptop.prefab using Guid(bc9cdfad65562854b86c69a063285b2f) Importer(2089858483,b0f066a214c2f5e87bad3c948f4d605d) (ScriptedImporter) -> (artifact id: '7ed950867db1f739c2b7893fa42b6f18') in 0.0143792 seconds
Number of updated asset objects reloaded before import = 0Number of asset objects unloaded after import = 15

========================================================================
Received Import Request.
  Time since last request: 0.000037 seconds.
  path: Assets/iPoly3D/Server Room/Prefabs/pc.prefab
  artifactKey: Guid(424622fb2f5ecf54b87e7c616e7ec1dd) Importer(2089858483,b0f066a214c2f5e87bad3c948f4d605d)
Start importing Assets/iPoly3D/Server Room/Prefabs/pc.prefab using Guid(424622fb2f5ecf54b87e7c616e7ec1dd) Importer(2089858483,b0f066a214c2f5e87bad3c948f4d605d) (ScriptedImporter) -> (artifact id: '488623f731f12c4a02f952aeade42d90') in 0.0101388 seconds
Number of updated asset objects reloaded before import = 0Number of asset objects unloaded after import = 15

========================================================================
Received Import Request.
  Time since last request: 0.000036 seconds.
  path: Assets/iPoly3D/Server Room/Prefabs/box.prefab
  artifactKey: Guid(a15c4b10370dd354a8d5d0fb6d99e482) Importer(2089858483,b0f066a214c2f5e87bad3c948f4d605d)
Start importing Assets/iPoly3D/Server Room/Prefabs/box.prefab using Guid(a15c4b10370dd354a8d5d0fb6d99e482) Importer(2089858483,b0f066a214c2f5e87bad3c948f4d605d) (ScriptedImporter) -> (artifact id: '62b14be589a6f053eb279bf564a11ada') in 0.0163395 seconds
Number of updated asset objects reloaded before import = 0Number of asset objects unloaded after import = 16

Editor requested this worker to shutdown with reason: Scaling down because of idle timeout
AssetImportWorker is now disconnected from the server
Process exiting
Exiting without the bug reporter. Application will terminate with return code 0